[Epoch: 1 Batch: 0 Generated domain name: ?55;,4!41726949312,6646886z'16'7:57z:445;7;y6;67928835686.9627.84:2? 	 [len: 68]
[Epoch: 1 Batch: 100 Generated domain name: 25,955113,?513,32978797;7666;z9;7!,6,!2,76681,8498396!3!79558?9433949998 	 [len: 72]
[Epoch: 1 Batch: 200 Generated domain name: 46;9.8484.777567689,61935.16;675!19949.;957566,16839654759654;66; 	 [len: 65]
[Epoch: 1 Batch: 300 Generated domain name: 83;49,9y46,!?8987;2'616!9:,6688979?4z4.4,6568..33909z8928739677!z797 	 [len: 68]
[Epoch: 1 Batch: 400 Generated domain name: 519.,865478!,4!!826,.978,:;755945.89676?3787592'76388,267737688685y663.606 	 [len: 74]
[Epoch: 1 Batch: 500 Generated domain name: 84,:97814,8?3z963.x;576948;,6y824!6,7:;6.6;323:?w535;77476786146479z3,4. 	 [len: 72]
[Epoch: 1 Batch: 600 Generated domain name: 6z9;4!5119;;87755667788;4879598?348978,6386!.456499477668387636559755 	 [len: 69]
[Epoch: 1 Batch: 700 Generated domain name: ,,7:!97z02.;;7:77248!5484.997;5,,9!3969964;67!;64zz1878z.7499.16462,69 	 [len: 70]
[Epoch: 1 Batch: 800 Generated domain name: 29!.7;5108,!6785736937,99"!;24,0!867762;x!,3687,.7387493?76387975746z3,4 	 [len: 72]
[Epoch: 1 Batch: 900 Generated domain name: 244,8640087?y,7755776.?58664573?1x8;9,549;9,;643,771,2,62.?765,z846, 	 [len: 68]
[Epoch: 1 Batch: 1000 Generated domain name: 889.,53563:91.921097577!6;80829:333z5369852;?65226:2;1:4!878535?787!07 	 [len: 70]
[Epoch: 1 Batch: 1100 Generated domain name: !4,:,5'2074,,8372,9572,9!84296.28467;8;87,32y187y67!89487548z31870 	 [len: 66]
[Epoch: 1 Batch: 1200 Generated domain name: 793659714794.456648!376906,7?669.5,56684;.7,652!,;1;2965,9764856057 	 [len: 67]
[Epoch: 1 Batch: 1300 Generated domain name: ,7;.;88z98..3,8760867489:w,9z,69:2.514!52!.;,3,76170:92y;1?88?97!24'8, 	 [len: 70]
[Epoch: 1 Batch: 1400 Generated domain name: 3698!94z48,669397388756?8;67,4,76,645785657;'37128;78,7689397.933028667 	 [len: 71]
[Epoch: 1 Batch: 1500 Generated domain name: 5x397588y4;64;,3,:1353!96.z5;6?352?2875584.!3523976'75.4985623975z 	 [len: 66]
[Epoch: 1 Batch: 1600 Generated domain name: 7z8895448465,977577569!;665965;5?836,1854592:8166!39267..5369456716789 	 [len: 70]
[Epoch: 1 Batch: 1700 Generated domain name: 860/928461.66768639886;678197;!501;7898,51!.9547,.75?5;7,57,6852;62; 	 [len: 68]
[Epoch: 1 Batch: 1800 Generated domain name: 9z595600,8,67!69y958,65,31954"2yz;44,8667.':258;055!9.455:84;0;;06 	 [len: 66]
[Epoch: 1 Batch: 1900 Generated domain name: 8197;,.8y55252;6,3279354487799!799:266,90935,'5,107;968;4!.169846y;534 	 [len: 70]
[Epoch: 1 Batch: 2000 Generated domain name: 6y,;6!610694,;371;868583;67693?433,856.49,,97y68768594,6;48363!24 	 [len: 65]
[Epoch: 1 Batch: 2100 Generated domain name: 34,7:12554957;?48,8777;/8631,84!9x3!0795xw4_8,96,,88z0;73.'856847776 	 [len: 68]
[Epoch: 1 Batch: 2200 Generated domain name: 528,'52y4!339277.9;7;4,963.5|734!.9496296;59z84.495"1,6,976!8870!33, 	 [len: 68]
[Epoch: 1 Batch: 2300 Generated domain name: 677;?47z9,8820..5851464764.899098919,;,98,548!67713;37594:19;;5571747; 	 [len: 70]
[Epoch: 1 Batch: 2400 Generated domain name: ;45!.2;7w57;!797328;z678!?9384,3,!67y75,74;529?73335,7686.523;47y5y65 	 [len: 69]
[Epoch: 1 Batch: 2500 Generated domain name: 628996652099398755145,7597,98,1;8,?23887971859;?,8527.7;382.4878273703848 	 [len: 73]
[Epoch: 1 Batch: 2600 Generated domain name: 43;?2490x4979?8126297772887y1945!79y;2!75459;989518.5,493,7042.7727x91; 	 [len: 71]
[Epoch: 1 Batch: 2700 Generated domain name: 396!693z242;1.8z753936.79,8,27;7.267.7.283.?,813985?3.5878478462,70 	 [len: 67]
[Epoch: 1 Batch: 2800 Generated domain name: 802:7.!5w75.68,8.5399w84.4861'1,7:451.;;,8657;?29295!792!396y7;92,533.;7 	 [len: 72]
[Epoch: 2 Batch: 0 Generated domain name: 9079,5y33082,.;!18479737340,?.\794;78922y98,x740491.8;1,8791!461316419 	 [len: 70]
[Epoch: 2 Batch: 100 Generated domain name: 759;;96427;6?6558939!7344?.,;,z7,3?68z?776.5z,.375,2?487.3!949,,79758656 	 [len: 72]
[Epoch: 2 Batch: 200 Generated domain name: 76886?,468,954:.962,8259.858994;376854688,798,;38587;488.y.82685253667 	 [len: 70]
[Epoch: 2 Batch: 300 Generated domain name: 6489.9843579;17,874885497,;41763!569468;66686?;48702'39490'.67,32664,,7 	 [len: 71]
[Epoch: 2 Batch: 400 Generated domain name: 817?2,75z77!59.428,z95v'8410:37!6"590\42857,2..!;6872.1.7,349;97,673,x. 	 [len: 71]
[Epoch: 2 Batch: 500 Generated domain name: 1;.!5,9v34449385346895;29z,89?024:7!97;459;96z28,37289;526654y5v7428 	 [len: 68]
[Epoch: 2 Batch: 600 Generated domain name: 737:,86296869736z884884'6668,1.;.53396;75825,?982,498.197,6;6497697269x; 	 [len: 72]
[Epoch: 2 Batch: 700 Generated domain name: zy68"8,315,!9088234;278;596;5v!67'4:253;w4,46,9,969w76"563;;!738!,88847.;7, 	 [len: 75]
[Epoch: 2 Batch: 800 Generated domain name: ;7?,8x!8!,49918,852!7.7:5373.4?065598!9,6272950!0;9!28785.8914712;6 	 [len: 67]
[Epoch: 2 Batch: 900 Generated domain name: 633?,8,428265;3,87355";2875;?48,97568,80'8,9383'2374!.47,:3770;98, 	 [len: 66]
[Epoch: 2 Batch: 1000 Generated domain name: 7288,6.515696;85482849599;5195394.y3378745.4;8;447,673!568658824834,84 	 [len: 70]
[Epoch: 2 Batch: 1100 Generated domain name: ;45!88,42!.!429835972,7;7.87v,z2'2!1;4?58586!;772!5?58.75.1169755921,3; 	 [len: 71]
[Epoch: 2 Batch: 1200 Generated domain name: 455.887y77,92?!878466!,6.638,1.4;42585,?;773.,038?,96;w.866,.429705!84 	 [len: 70]
[Epoch: 2 Batch: 1300 Generated domain name: 216;|1;3y79790!;33154x8z?6863;156"y47:z5!87,0,!z7y34@094:9.,2;858!447289 	 [len: 72]
[Epoch: 2 Batch: 1400 Generated domain name: 247569991z995:750819;z'5442;474,:15491747596?3.61944?6483!563752,249 	 [len: 68]
[Epoch: 2 Batch: 1500 Generated domain name: 14;;891306;196795,94184:;78096,;8'69;.22746,?84335.6,984987568731566 	 [len: 68]
[Epoch: 2 Batch: 1600 Generated domain name: 334.?751y59'647;6609448,9958,29:6.689;9;6471;.48651!6,7749859942561,;1, 	 [len: 71]
[Epoch: 2 Batch: 1700 Generated domain name: 9x3!;6;9y;;2,7855;4;,.9,;586!8/y73;97687y8;.466?68,30.9859,6435x27 	 [len: 66]
[Epoch: 2 Batch: 1800 Generated domain name: 26!8,3x928x8,01521526765;88,6'28896,788y,655198.,586898;489,38847 	 [len: 65]
[Epoch: 2 Batch: 1900 Generated domain name: 59598,9136!847999578996966'17!5,;,,5.7859.98949,4;,58;3457483759?79 	 [len: 67]
[Epoch: 2 Batch: 2000 Generated domain name: ;z5.429,v58'7.?y797!56'973y91!5'52z,61,,552;:6,,885?16798,452925?77 	 [len: 67]
[Epoch: 2 Batch: 2100 Generated domain name: 824,;9y6,68385849544909;96:,9\524,2966,y:,8033757499948848,9692,90, 	 [len: 67]
[Epoch: 2 Batch: 2200 Generated domain name: 837;'83,05;583,;66,47,9,;4;wt?76!1;0318857797;99258!549?2.,15.?65w1z768. 	 [len: 72]
[Epoch: 2 Batch: 2300 Generated domain name: 460."3796.!9843,668?;73!,2993;w,3,222.6477474!;81,,74?6..078?77248.988 	 [len: 70]
[Epoch: 2 Batch: 2400 Generated domain name: 167;!85149..598683.89156;7:526w5/4!458:6318077?90,065!473.,,8646?96943;;48 	 [len: 74]
[Epoch: 2 Batch: 2500 Generated domain name: 37.!,734x5,80z396436!393281;v9;t,?875/8,899..95x1;2;4,6!.y97!11u2;75 	 [len: 68]
[Epoch: 2 Batch: 2600 Generated domain name: ;36.!8.468;581756x23767;;4889,2,'9;4258;8333z5?;3,4!,:071;7281448660:737 	 [len: 72]
[Epoch: 2 Batch: 2700 Generated domain name: !87!3!;y67?977337965,6z47,2,48/4?225;6756?;78645572?z.?5469398;066,. 	 [len: 68]
[Epoch: 2 Batch: 2800 Generated domain name: 8535.,326697;5x272870,76799y8;8;3,1,4,82;97;,9418;7659946399,838615 	 [len: 67]
[Epoch: 3 Batch: 0 Generated domain name: 993'9.963',.6168w797.96,,?5?31969!4,27z.3.6361'27376"181.:535,64440596! 	 [len: 71]
[Epoch: 3 Batch: 100 Generated domain name: 808:!8;416;;0,6480;,6283!862z849?7'18,:!8878./;656576.663,78774729"717 	 [len: 70]
[Epoch: 3 Batch: 200 Generated domain name: 9044876z9695894567167876:zy34"45;9276!9"205?9??7!47864707,7159648,56.29 	 [len: 71]
[Epoch: 3 Batch: 300 Generated domain name: 5,?!,!45z7850,;569,93,5936'57'5:737!265987?6;42981,4'7!54.:363439;7 	 [len: 67]
[Epoch: 3 Batch: 400 Generated domain name: ,3499895238,.588;68966683792766;3?491!77,6957!965782869383777.84464!81 	 [len: 70]
[Epoch: 3 Batch: 500 Generated domain name: 058,785479686953687784?647867;573483.585.2814,433?6,,844713895.15. 	 [len: 66]
[Epoch: 3 Batch: 600 Generated domain name: 848798540677845,4598469,38;436684.541;85!6858983629,57,5,36865736847 	 [len: 68]
[Epoch: 3 Batch: 700 Generated domain name: 2168;!157649575348338736,944,4;!.961875669585,27587;497338897,45,718 	 [len: 68]
[Epoch: 3 Batch: 800 Generated domain name: 747997!15596785664.4,9586.60.4884;543,56,0865;;2;04387859689797656838!87 	 [len: 72]
[Epoch: 3 Batch: 900 Generated domain name: 1089;9801,.87370659!9|67058;45?.2y668887zy;:7.0935613/84;9!81;y.4 	 [len: 65]
[Epoch: 3 Batch: 1000 Generated domain name: 0z4/86zy6:763,.64986542?7'5y,08:"x.8"59622.2.874324?4?564y!739143;759 	 [len: 69]
[Epoch: 3 Batch: 1100 Generated domain name: 3;;,,.7178,99.23165945,742z640'57v788,,758?.4,z59?373:586646568,63,857 	 [len: 70]
[Epoch: 3 Batch: 1200 Generated domain name: 6w3;06970.47453?y6!3;464y91797!,70\09?;4869,653,9:33z86.34.48664x9!4 	 [len: 68]
[Epoch: 3 Batch: 1300 Generated domain name: 448:8877x,;43953169745!6764939'38368?78326:z9236!37987?74,.5047075y. 	 [len: 68]
[Epoch: 3 Batch: 1400 Generated domain name: 635964347.924.98yy!984x775;2,94?94?!19339759.4,029.3242;41;;546221\y8 	 [len: 69]
[Epoch: 3 Batch: 1500 Generated domain name: 06,363526,1!,7v3,4997,541!84!1767,55853;'85425\2?18x,!5758183453936 	 [len: 67]
[Epoch: 3 Batch: 1600 Generated domain name: 669,7;4v49754?"62237754?;42834,2?y478:996228;4?53,,8;4;9,'6989554744722 	 [len: 71]
[Epoch: 3 Batch: 1700 Generated domain name: 8.6!;,64498,673751856983;8,6296886,9457799555..x56579867;4375,9796;45362, 	 [len: 73]
[Epoch: 3 Batch: 1800 Generated domain name: 7,6!5.93w2,?91.9757z77!5:744.x3!6.4,,?2.569;7::1847!4!0,838258;63651595, 	 [len: 72]
[Epoch: 3 Batch: 1900 Generated domain name: 325!85;305860:442x,956808!!3792895!z6779;4:824w7;.65;0757;367;,40:9y 	 [len: 68]
[Epoch: 3 Batch: 2000 Generated domain name: 235775,,35957'656796595:z831!5..2!510505;99,5.!6273!284'4;599;.6.,16.75 	 [len: 71]
[Epoch: 3 Batch: 2100 Generated domain name: .668;9?4176!68.670149323?7824.47:45375698973:.y,y28.5;396467;,08845 	 [len: 67]
[Epoch: 3 Batch: 2200 Generated domain name: 8489757637,;797544595795:69,271,99.657;7,.764;'3279917;z97.6669696419 	 [len: 69]
[Epoch: 3 Batch: 2300 Generated domain name: ;08793;01y8758991?575152763z53:45?16,.1,4'?5;6579537992;z;882354.859 	 [len: 68]
[Epoch: 3 Batch: 2400 Generated domain name: 575!',23w297237,462.5856!3661,5.,6'83;;3,98,4.:29889:46,49?4??950;43,55; 	 [len: 72]
[Epoch: 3 Batch: 2500 Generated domain name: 404.!66w1104:16,18206,z'5710'2,!7;58!892,99!'4,438,7.z:,,.6,877563996 	 [len: 69]
[Epoch: 3 Batch: 2600 Generated domain name: 85,8;142747886.1.;5556/8448545!4;60?,;7,69!,;17767,03795;!498,8685z,04, 	 [len: 71]
[Epoch: 3 Batch: 2700 Generated domain name: 916?.1;61;6362:,33843354962;089;048:8787.986563743,,974495352654658 	 [len: 67]
[Epoch: 3 Batch: 2800 Generated domain name: 857;,;,729!;934,576987:63,y;.3;2784.68;5786,98237.7.906,,832649!;9 	 [len: 66]
[Epoch: 4 Batch: 0 Generated domain name: 706!;884099,6287,53;9548;981!?5/7711.8991.?6847895;83/4,88939,1.94, 	 [len: 67]
[Epoch: 4 Batch: 100 Generated domain name: ;y2'83?5y4;!.16,94187577;9;86,y9,'z41;9889528.75,,!5,533;9386!88y43825 	 [len: 70]
[Epoch: 4 Batch: 200 Generated domain name: 74z!866z.;240,7738576,9,627135?z98.13832"!89y65.652,9;967.64z92645! 	 [len: 67]
[Epoch: 4 Batch: 300 Generated domain name: 88.'964z3":.094!52.,7665.,7692w88!.396!86;840'.8575.;9,642,,068,60649706 	 [len: 72]
[Epoch: 4 Batch: 400 Generated domain name: 7657,66634?984;3855768955?93!0:6x58549762789:6762;!58.44z49723844693 	 [len: 68]
[Epoch: 4 Batch: 500 Generated domain name: ;237;?518;958354387857975!2964'343.6877985.:389;292,;859867774;.2 	 [len: 65]
[Epoch: 4 Batch: 600 Generated domain name: 3416!073!73988,875;6,"341y;85:0!45,.08v2!9:.,7z88462,0;;827,76.450? 	 [len: 67]
[Epoch: 4 Batch: 700 Generated domain name: 79?995857149?448869499,3,9!582997!7,2;3869777!;89w778471,47!66469.3847348 	 [len: 73]
[Epoch: 4 Batch: 800 Generated domain name: 66999932888!693;469,235!9677z9.7'27?:489;176?3632952799673!47,44z2.'781 	 [len: 71]
[Epoch: 4 Batch: 900 Generated domain name: 95,.;79:z69;68965.9;4;766!97,5'16457;,74;,46x568516!5.76,?7626z71! 	 [len: 66]
[Epoch: 4 Batch: 1000 Generated domain name: 4z44,.;5y5358563143,5;8664.77!4?93:3517478693.!2;z9,;53!!7.81!;1;x4w7 	 [len: 69]
[Epoch: 4 Batch: 1100 Generated domain name: ,,,.?9;,y97;78820833645\2559907!,:wy,;.92648..5;6x5397.4;637897328316 	 [len: 69]
[Epoch: 4 Batch: 1200 Generated domain name: 21,77!2517982!4;557937858058,;1.1,265,,,;,8;?5,z479273;0,;2.,917847794 	 [len: 70]
[Epoch: 4 Batch: 1300 Generated domain name: 59"!796z9.,3!.41873218;8493,60:?25...7895;2:935523.,95;1975655683533739 	 [len: 71]
[Epoch: 4 Batch: 1400 Generated domain name: 570;;87421??55;!4z47268,,640?7,53.129,6.388"'!9325/?95.y.83,9,7354z713. 	 [len: 71]
[Epoch: 4 Batch: 1500 Generated domain name: 91,89964166.58860785049.975,28,9,1z,!844,8:/:.558,3!693?.8589598!654 	 [len: 68]
[Epoch: 4 Batch: 1600 Generated domain name: 7349,59y,8.;344794889?9,64z995'z0245.95176.8!4?4;63!2.089,442636!3. 	 [len: 67]
[Epoch: 4 Batch: 1700 Generated domain name: 76;!9,4455.'3,944x7857;9!5645.4895!959;69!,4;'4,643'485;4!83?.31,95:79 	 [len: 70]
[Epoch: 4 Batch: 1800 Generated domain name: ,9,7,60056.85.45558,29,5;3775637.4,75779!9.348??47;6;.8:2;13.77;534487693 	 [len: 73]
[Epoch: 4 Batch: 1900 Generated domain name: 353?,z8z7!198!865;5146?.,58z4:79788!3.485.5.?23w37.4.8,4684126929,z8 	 [len: 68]
[Epoch: 4 Batch: 2000 Generated domain name: 868,,848855.70725576,4.4253,79?993886377,.67?6046956577?927.!968744699 	 [len: 70]
[Epoch: 4 Batch: 2100 Generated domain name: 457866723,;,,1!,.3277740964747767,48347786?175;;335,.374849967,77497581 	 [len: 71]
[Epoch: 4 Batch: 2200 Generated domain name: 125.:60y5,782,977854681,8,9!2;|561;85848588!6553797867;93888502z4263 	 [len: 68]
[Epoch: 4 Batch: 2300 Generated domain name: ?4,6;99w4814,680394985;476.0.;9;75z,,....4z9:70z6491;082,42;,771718,69 	 [len: 70]
[Epoch: 4 Batch: 2400 Generated domain name: 746?8,915;7.1;24589744,8!319239,!198,58888,0,!65255;4.4;6434784x463748 	 [len: 70]
[Epoch: 4 Batch: 2500 Generated domain name: 2659!5267;?,6655855868.6904:5,176.8466488;!;1.3756;5267137574,2 	 [len: 63]
[Epoch: 4 Batch: 2600 Generated domain name: 938.6352yz8'.2,88726,35:9533.29,,674,582,77;'78684:6"4;035?252706;79 	 [len: 68]
[Epoch: 4 Batch: 2700 Generated domain name: 3758.9,7x8333y876y8574?742960..94/0962874?2.1y5:960?2';8560;7v0556 	 [len: 66]
[Epoch: 4 Batch: 2800 Generated domain name: ,43.?;860,6'9389432;9599_6374,19,4'51487766z:?25780'z8394!,z8!?8247z86; 	 [len: 71]
[Epoch: 5 Batch: 0 Generated domain name: 5y16!;;976;553,;74,975y936;884!54'1,22.8617!7!66'7,058!385;79957596364,9.8 	 [len: 74]
[Epoch: 5 Batch: 100 Generated domain name: 20;?.;4137,9888634,8.;559,'626x:.,196"36586695?3!8.4,6.65,98995,687958 	 [len: 70]
[Epoch: 5 Batch: 200 Generated domain name: 9z";6;218.746432.45556:5,7080;8?"487,968763.?093969685!;997869542;74; 	 [len: 69]
[Epoch: 5 Batch: 300 Generated domain name: ,54;970y53577483794;4387683"04!5?3542599485/8,36;2?9?657377?5;764,8, 	 [len: 68]
[Epoch: 5 Batch: 400 Generated domain name: 6058?53w7,577969z!.21654;2!.2!;4:191',892.74".6337,;4;7.468.784621!850 	 [len: 70]
[Epoch: 5 Batch: 500 Generated domain name: 39!915397,1183;949856849278y8:9;598.4.6,269?136275,892?46;43758554 	 [len: 66]
[Epoch: 5 Batch: 600 Generated domain name: 368;98533?;;3;84;,65.950;43?5:5,2,9919./884z8796.9.48579491284689z; 	 [len: 67]
[Epoch: 5 Batch: 700 Generated domain name: 8y49!9!54677!32?3787987;y6581?64"4"653?1x!494;,76489,166"9561;,,99;81, 	 [len: 70]
[Epoch: 5 Batch: 800 Generated domain name: 64.?89694,!96458547287.5!9.25648;9;46?,1762;,879196;173951;878253, 	 [len: 66]
[Epoch: 5 Batch: 900 Generated domain name: 3x,8937360,8;3!6,;z,63961.;679!18:??163.4,7yz79;;5.37469,77z77467967783y4 	 [len: 73]
[Epoch: 5 Batch: 1000 Generated domain name: 6v5,;6z2.;.9,846,83?,9558:2196589!yx5502?73766;2.1386y73;6844..02148.4 	 [len: 70]
[Epoch: 5 Batch: 1100 Generated domain name: 69/,404w9",11988598;,33,"8:25819"8,4;8.587:788405265/25869.68981x433;589 	 [len: 72]
[Epoch: 5 Batch: 1200 Generated domain name: 46689006,.4;9795786825?981;;9?26297469,149;;.2898,7!y;,79946748882 	 [len: 66]
[Epoch: 5 Batch: 1300 Generated domain name: 5z4?;088u58177,752794785?6;4y95,6,'715!6877745488.169'952,.,7877584791,64; 	 [len: 74]
[Epoch: 5 Batch: 1400 Generated domain name: 76?"8752w,7'988687079094';963,5:8:46!364;628.71y17!5;754?45785?!z9;1z 	 [len: 69]
[Epoch: 5 Batch: 1500 Generated domain name: ;9398.?02!6?z,416!,662.,698!78,6\14766;,;783!',550,3;,w\68;",85.6z77z, 	 [len: 70]
[Epoch: 5 Batch: 1600 Generated domain name: ;778.7.844,.593y6668579;777499457?17057,248y,"6413!49893!5z7256306,57 	 [len: 69]
[Epoch: 5 Batch: 1700 Generated domain name: 9,,1?740.4342.9;1;98757,6487?,'7993627,9,,,68043908993!788!9295327'4 	 [len: 68]
[Epoch: 5 Batch: 1800 Generated domain name: 508498409969944666878657737!378;692.379?,85,z9574;68,2;764856.45. 	 [len: 65]
[Epoch: 5 Batch: 1900 Generated domain name: ;87;.7908,8828,6529614,5;6989z6,7?137958;9590;;026679578.,,8z5,.78485658 	 [len: 72]
[Epoch: 5 Batch: 2000 Generated domain name: 678,74,4;,;827368593!87z63.94,0593:30636,?59!67947,586:27.,;:86577668 	 [len: 69]
[Epoch: 5 Batch: 2100 Generated domain name: !36775;33164;7,!6627779:856.19!6;76659978845!7;6891!5,1,2,8086.845 	 [len: 66]
[Epoch: 5 Batch: 2200 Generated domain name: .3696!!40?617;14,344,8;7944,0884;068;3,98795::5169,24779?2386542,17!;8 	 [len: 70]
[Epoch: 5 Batch: 2300 Generated domain name: 53!!456136.369.1x,71z54?753273492?208"z2994';62,45;672;,4665;.9;7,509 	 [len: 69]
[Epoch: 5 Batch: 2400 Generated domain name: 5;5897334?9747278688;,48;3293,618z78968.834373!28,?6944;713421869 	 [len: 65]
[Epoch: 5 Batch: 2500 Generated domain name: 78?6,?72045;.6831403,4138,328.9476,79z;9;55?,8;.69528;0;568523:,67146 	 [len: 69]
[Epoch: 5 Batch: 2600 Generated domain name: ,5,8:9?6x27894;30338295!0!6;45787,6:357,.84836"?9.32;;766,386,1962785y;619 	 [len: 74]
[Epoch: 5 Batch: 2700 Generated domain name: 2z57747z36,8907947x!638!;68,653479!,5994787431;'38827?8;x;5;55..1269y5 	 [len: 70]
[Epoch: 5 Batch: 2800 Generated domain name: 867;,5526;:44;666735938?4;8180758!46y;2,6961;,3687..5,08"079565z41557 	 [len: 69]
[Epoch: 1 Batch: 0 Generated domain name: 76689646589758959.678766969586699099679637637785758685578479765775,95 	 [len: 69]
[Epoch: 1 Batch: 100 Generated domain name: 7668864668976885,9!9678766869589779909867737627795759685578579865765,4 	 [len: 70]
[Epoch: 1 Batch: 200 Generated domain name: 76688756689757959!9678766969587799z985863762768575958557757975775,4 	 [len: 67]
[Epoch: 1 Batch: 300 Generated domain name: 7668964668975885.9678766868589769808679637627784758685577569875775,4 	 [len: 68]
[Epoch: 1 Batch: 400 Generated domain name: ,7658964669976895.6787668695897699909857963773878575958557746875775,94 	 [len: 70]
[Epoch: 1 Batch: 500 Generated domain name: 76689646589758859.678766868589679909857973763778575958557747965776,95 	 [len: 69]
[Epoch: 1 Batch: 600 Generated domain name: ,76589646689758859.96787568695897698099679737627795759685578469875765,94 	 [len: 72]
[Epoch: 1 Batch: 700 Generated domain name: ,76589656589767869.678866869589779809867636627795769685577479875765,5 	 [len: 69]
[Epoch: 1 Batch: 800 Generated domain name: 7667964668875895,.6787679595897698099579637627685768585577579865775;94 	 [len: 70]
[Epoch: 1 Batch: 900 Generated domain name: ,7668964668975885,9.9678766868587689098579637737785759685568579875775,95 	 [len: 72]
[Epoch: 1 Batch: 1000 Generated domain name: ,7668974668975885,9.9678766869589779909867963762779576868557756975775,94 	 [len: 72]
[Epoch: 1 Batch: 1100 Generated domain name: ,76689646689758859!678766969587799098579637627795759585577569865775,94 	 [len: 70]
[Epoch: 1 Batch: 1200 Generated domain name: ,77678657698868859.668766868589769909957964762779575958557857875775,94 	 [len: 70]
[Epoch: 1 Batch: 1300 Generated domain name: ,76689646689768859.967876686858976990858973762779576958557747875775,95 	 [len: 70]
[Epoch: 1 Batch: 1400 Generated domain name: 76689646689758859.96787668585896689z98679637727795758685577469975675,94 	 [len: 71]
[Epoch: 1 Batch: 1500 Generated domain name: 7668864668975785.9678766969599769909867963772778576868657756875775,4 	 [len: 68]
[Epoch: 1 Batch: 1600 Generated domain name: ,7668965668975885.9678766868589769908579637727785759585577579876775,94 	 [len: 70]
[Epoch: 1 Batch: 1700 Generated domain name: ,76689646689758859.967976686958769909867973763779575858557856875765,4 	 [len: 69]
[Epoch: 1 Batch: 1800 Generated domain name: ,76689646689757959.57876686858976990986796377277957599685577469865775,5 	 [len: 71]
[Epoch: 1 Batch: 1900 Generated domain name: 7668864668975885.6787668685897698098579737638785759685577479875775,95 	 [len: 69]
[Epoch: 1 Batch: 2000 Generated domain name: 6658964669975884.6787668695897798099679637627795758685577469875765,4 	 [len: 68]
[Epoch: 1 Batch: 2100 Generated domain name: 7758964668875785,.96787568695897699098579737627795769686577569875775,4 	 [len: 70]
[Epoch: 1 Batch: 2200 Generated domain name: 6668965668875895,9.9678766869589768909967963763779475958557747975765,94 	 [len: 71]
[Epoch: 1 Batch: 2300 Generated domain name: ,76689656589758859.967876686858976999099679637628795759585577579875775,94 	 [len: 73]
[Epoch: 1 Batch: 2400 Generated domain name: ,7668865668875885,9.9678766968589768908579636637695869685577479875776,94 	 [len: 72]
[Epoch: 1 Batch: 2500 Generated domain name: 76689646689758859.96787669685896698909957963762879475858557746875775,94 	 [len: 71]
[Epoch: 1 Batch: 2600 Generated domain name: 7658964668975886,9!96788668685897799098679637627784769585567479875765,95 	 [len: 72]
[Epoch: 1 Batch: 0 Generated domain name: 977755156734885669454646578775718356397566755876565,,992765858569,35859 	 [len: 71]
[Epoch: 1 Batch: 100 Generated domain name: 87774414774478,5669555656677875817366397565754976564,,83765858579,36858 	 [len: 71]
[Epoch: 1 Batch: 200 Generated domain name: 977755146735885668455546577876717356397575655976565,,8376585867935859 	 [len: 69]
[Epoch: 1 Batch: 300 Generated domain name: 97774515773478,5679555556577786817366397565755976565,93766858569,35958 	 [len: 70]
[Epoch: 1 Batch: 400 Generated domain name: 888745156734885669455556477886818366497565754976565,,99376585867935859 	 [len: 70]
[Epoch: 1 Batch: 500 Generated domain name: 87874515673578,5669454546477886728366397565754876565,,893775858569,35959 	 [len: 72]
[Epoch: 1 Batch: 600 Generated domain name: 87764514673488566945564657788571736637565745976565,,893765858669,35859 	 [len: 70]
[Epoch: 1 Batch: 700 Generated domain name: 98874514773588,55699455546567886718367397565755976565,99276584866936959 	 [len: 71]
[Epoch: 1 Batch: 800 Generated domain name: 87775515673478,5678455556477885717366397565655976565,,93775858569,45859 	 [len: 71]
[Epoch: 1 Batch: 900 Generated domain name: 87775515674588,5669455556577876717266397565655976565,,893775857669,35859 	 [len: 72]
[Epoch: 1 Batch: 1000 Generated domain name: 887755147745785578455556577885717366397565755976565,99376585866935959 	 [len: 69]
[Epoch: 1 Batch: 1100 Generated domain name: 87774515673488,5669455557578886718366397565755976565,,89276585856936859 	 [len: 71]
[Epoch: 1 Batch: 1200 Generated domain name: 88764415673588,556994555565788767183663979565755976565,,89377585856935859 	 [len: 73]
[Epoch: 1 Batch: 1300 Generated domain name: 87774515674587,5669455556567885717366397565654976565,,99376585866935959 	 [len: 71]
[Epoch: 1 Batch: 1400 Generated domain name: 87774514673588,5679555556678876817266397565755976555,,93765758679,35859 	 [len: 71]
[Epoch: 1 Batch: 1500 Generated domain name: 878745147745885669455546576885717466397564745976565,,99376584857935959 	 [len: 70]
[Epoch: 1 Batch: 1600 Generated domain name: 87774414773578,5669555556577886818366398565755976565,893775858669,35959 	 [len: 71]
[Epoch: 1 Batch: 1700 Generated domain name: 8876451577348855694555465778767073663979565755976565,,893765858569,35849 	 [len: 72]
[Epoch: 1 Batch: 0 Generated domain name: 979978785,77,78672778866,98554785688,48593889975945566669886868645658 	 [len: 69]
[Epoch: 1 Batch: 100 Generated domain name: 8798778995,76,7967277786,6,85559784679,48593989875945666569877867655558 	 [len: 71]
[Epoch: 1 Batch: 200 Generated domain name: 8798777996,777967277796699555785679,48593889975944666669877767655558 	 [len: 68]
[Epoch: 1 Batch: 300 Generated domain name: 8798888986,76,69672767866,8555685679,485938898749445666698987868655558 	 [len: 70]
[Epoch: 1 Batch: 400 Generated domain name: 979978795,76,7967277896,6,99554785678,48593889975945667669977877655658 	 [len: 70]
[Epoch: 1 Batch: 500 Generated domain name: 989978895,76,69672777866,99555785679,4859398975945556669877878655658 	 [len: 68]
[Epoch: 1 Batch: 600 Generated domain name: 8799787996,76,796727878,66,9565685579,485939899759445569669977867655558 	 [len: 71]
[Epoch: 1 Batch: 700 Generated domain name: 8799778995,76,786727788,5,685659785679,48593889975944666669877877755558 	 [len: 71]
[Epoch: 1 Batch: 800 Generated domain name: 9898778996,76,7967277786,6,985659685679,48593889975944666669876867655658 	 [len: 72]
[Epoch: 1 Batch: 900 Generated domain name: 9899777996,76,6967277886,58554685679,4849388975944566659877877655658 	 [len: 68]
[Epoch: 1 Batch: 1000 Generated domain name: 8798777995,76,696728778,56,85547856794859398975944566669877878755558 	 [len: 68]
[Epoch: 1 Batch: 1100 Generated domain name: 8899878996,66,69672777866,9565685689,48593989759445666698977877755658 	 [len: 69]
[Epoch: 1 Batch: 1200 Generated domain name: 889977896,76,79672777866,98665785679,4849398984945566659987868754658 	 [len: 68]
[Epoch: 1 Batch: 0 Generated domain name: 95898,7975,56458965487783777289595757787,863,597488688659767;6565776688 	 [len: 71]
[Epoch: 1 Batch: 100 Generated domain name: 687,697566558865487782787289585758876,872687488698,758767;6465666787 	 [len: 68]
[Epoch: 1 Batch: 200 Generated domain name: 687,7884,56558965487782677289585757787,8625879588698,659678;7464766688 	 [len: 70]
[Epoch: 1 Batch: 300 Generated domain name: 687,6885,565588544877837772895957587879,863,587588798649667;6575766688 	 [len: 70]
[Epoch: 1 Batch: 400 Generated domain name: 6886885565588654877826872885857577879,863587488688659767;6575776788 	 [len: 67]
[Epoch: 1 Batch: 500 Generated domain name: 6797,7875,56557964487783787389585768777,862597488698,658767;7565766788 	 [len: 70]
[Epoch: 1 Batch: 600 Generated domain name: 5898,7885,56558955487782787379485758887,862,6879588688749767;7575675688 	 [len: 71]
[Epoch: 1 Batch: 700 Generated domain name: 9577,7985,56558855587782787389594757786,762,6879589698658777;6475766698 	 [len: 71]
[Epoch: 1 Batch: 800 Generated domain name: 688688556557855486782787279596658777,863587488698,758667;6465676687 	 [len: 67]
[Epoch: 1 Batch: 900 Generated domain name: 678698556459856487782688289595758887,8625979488688748767;6565676788 	 [len: 67]
[Epoch: 1 Batch: 1000 Generated domain name: 5897,7885,564588554877836772795956587779,862596488698648777;7574666688 	 [len: 70]
[Epoch: 1 Batch: 1100 Generated domain name: 9687,7875565588554877737873795856588879,863597589698758777,7574766788 	 [len: 69]
[Epoch: 1 Batch: 1200 Generated domain name: 95897,7975,565588654867827872795857577879,862586588698648767;6565766688 	 [len: 71]
[Epoch: 1 Batch: 1300 Generated domain name: 96897,798556558865487882787389595757787,862,587489698659777;7574676688 	 [len: 70]
[Epoch: 1 Batch: 1400 Generated domain name: 5787885565589654877827873895857587879,8635879588788658677,6565766787 	 [len: 68]
[Epoch: 1 Batch: 0 Generated domain name: 657,5798966;97779496827582885768565347996878,855969354572667979988526796 	 [len: 72]
[Epoch: 1 Batch: 100 Generated domain name: 6575787866,9767495827582785965867544,69687885696935557366698878536796 	 [len: 69]
[Epoch: 1 Batch: 200 Generated domain name: 6565797876,8766495737957278597686755379697886696935557366697978526696 	 [len: 69]
[Epoch: 1 Batch: 300 Generated domain name: 657,5697866;976649582758288575756544,696878,85596946557366697878537795 	 [len: 70]
[Epoch: 1 Batch: 400 Generated domain name: 657,5797875,977649582768288676867544,79597985696935458366698888526796 	 [len: 69]
[Epoch: 1 Batch: 500 Generated domain name: 657,5798866;87664682758278665857544,79687885696935557366798888536696 	 [len: 68]
[Epoch: 1 Batch: 600 Generated domain name: 6575788866;8776467279572885975856544,79687985596936547365697878536796 	 [len: 69]
[Epoch: 1 Batch: 700 Generated domain name: 6575787866,976659582757278576857544,79687885597945557366698878527796 	 [len: 68]
[Epoch: 1 Batch: 800 Generated domain name: 6575798866,9676596736572785975866544,7896878,85686945558256698888536796 	 [len: 71]
[Epoch: 1 Batch: 900 Generated domain name: 6575787866,8776949683768278575857543,796879,86696936547266697888537796 	 [len: 70]
[Epoch: 1 Batch: 1000 Generated domain name: 6575697866,9776496727967278675856543,786778,866969365573656979978537696 	 [len: 71]
[Epoch: 1 Batch: 1100 Generated domain name: 6575687865;877659572658287576857444,78687985697945557266798878526786 	 [len: 68]
[Epoch: 1 Batch: 1200 Generated domain name: 5465797966;8766495827582785975867544,796878855869454573666989888536795 	 [len: 70]
[Epoch: 1 Batch: 1300 Generated domain name: 557,5698866,87765967279582885976857444,79686886696935447266698978537796 	 [len: 71]
[Epoch: 1 Batch: 1400 Generated domain name: 657,5688865;876659572757278575856545,786878856969355572656979878527796 	 [len: 70]
[Epoch: 1 Batch: 1500 Generated domain name: 6575797876,9776596827958278575856544,7996878,86696935558266697888536796 	 [len: 71]
[Epoch: 1 Batch: 1600 Generated domain name: 5575788875;97769595727572785975867444,796878,856869454573656989987536796 	 [len: 72]
[Epoch: 1 Batch: 1700 Generated domain name: 656,6798866;977649582758278575866544,796989,855969365572666989888526696 	 [len: 71]
[Epoch: 1 Batch: 1800 Generated domain name: 5565797866,966649672758288575857544,79687885696935457366697978527795 	 [len: 68]
[Epoch: 1 Batch: 1900 Generated domain name: 6575797876,977659682758278575857544796878,85586936457366698888537696 	 [len: 68]
[Epoch: 1 Batch: 2000 Generated domain name: 657,5798966,9766596737958277575857543796878856969454573666989878536796 	 [len: 70]
[Epoch: 1 Batch: 2100 Generated domain name: 657,5788875,8776496827958288676857544,786979,85596945557266798888536696 	 [len: 71]
[Epoch: 1 Batch: 2200 Generated domain name: 657,5788875;9766496727958278575857544,79687885586836457366698888526796 	 [len: 70]
[Epoch: 1 Batch: 2300 Generated domain name: 656,5798865,9776595727683785975867544,7896878,85586945457366697888536796 	 [len: 72]
[Epoch: 1 Batch: 2400 Generated domain name: 656,5788865;977759572758278576856444,7996879,856969365572556979988537696 	 [len: 72]
[Epoch: 1 Batch: 2500 Generated domain name: 6575687876,9766496827583885975867544,796878856969454573666979878526796 	 [len: 70]
[Epoch: 1 Batch: 2600 Generated domain name: 657,5797866;9766959682758288575856544,796878856869455572656989879536796 	 [len: 71]
[Epoch: 1 Batch: 2700 Generated domain name: 657,5787876,97769596727582785976856444,795878855969355572656979888536696 	 [len: 72]
[Epoch: 1 Batch: 2800 Generated domain name: 6575788965,977749583758277576856543,696878,85696945457366689878537696 	 [len: 69]
[Epoch: 2 Batch: 0 Generated domain name: 6565798866;876659683758288575856544799587985686935557265698879526796 	 [len: 68]
[Epoch: 2 Batch: 100 Generated domain name: 6575798865,877649572757388575857544,796878,85697935547365697878536696 	 [len: 69]
[Epoch: 2 Batch: 200 Generated domain name: 657,5787866,97765968379582775768565447996879,856869465572666989878536796 	 [len: 72]
[Epoch: 2 Batch: 300 Generated domain name: 6575797866;8776959582757388566867544,796879,85686935557365697978536796 	 [len: 70]
[Epoch: 2 Batch: 400 Generated domain name: 6575787865,9776595827582775975866544,796878855969364573656989978526796 	 [len: 70]
[Epoch: 2 Batch: 500 Generated domain name: 5575798865,97764967279682885975857544,785878,85596935557266697888527696 	 [len: 71]
[Epoch: 2 Batch: 600 Generated domain name: 6575788865,97774682758278575857544,796878956969454583666989978536696 	 [len: 68]
[Epoch: 2 Batch: 700 Generated domain name: 557,6697866,9776959672758278575856544,796879,856869355572666979978536796 	 [len: 72]
[Epoch: 2 Batch: 800 Generated domain name: 657,5787865,9776596827958278575867544,69587995596935557266689888536796 	 [len: 70]
[Epoch: 2 Batch: 900 Generated domain name: 657,5787866;977649682758278576867544796878,8669693544726667988526796 	 [len: 68]
[Epoch: 2 Batch: 1000 Generated domain name: 6565787876,9776595737582785975867544,7996879856979365562656979878536696 	 [len: 71]
[Epoch: 2 Batch: 1100 Generated domain name: 6575788866;977759573757278575866444,796978,85596935557255797888536796 	 [len: 69]
[Epoch: 2 Batch: 1200 Generated domain name: 5575698866;97779496726947278576867544,7896879,85686935557366697978537796 	 [len: 72]
[Epoch: 2 Batch: 1300 Generated domain name: 657,5797866,87764572657288586867444,796868755969365572556979878526696 	 [len: 69]
[Epoch: 2 Batch: 1400 Generated domain name: 6575788875,977659682758278576856554,796878856969465572656989878536696 	 [len: 69]
[Epoch: 2 Batch: 1500 Generated domain name: 5565687965;9766496727968278566957544,796879,85696935567366697988536796 	 [len: 70]
[Epoch: 2 Batch: 1600 Generated domain name: 5575787866;9776949582758277576856544,79687885696936457265698878526696 	 [len: 69]
[Epoch: 2 Batch: 1700 Generated domain name: 657,5788965,977794582767278565857543,786878,85696935548366698879536696 	 [len: 70]
[Epoch: 2 Batch: 1800 Generated domain name: 667,5798966,8776495837968278576856544,796879866868465572666989988527796 	 [len: 71]
[Epoch: 2 Batch: 1900 Generated domain name: 557,5687866,97764968279583785976766544,796878956969365572666989879527695 	 [len: 72]
[Epoch: 2 Batch: 2000 Generated domain name: 6575798865;97765968279572885976867444,79587985696936557365698889626696 	 [len: 70]
[Epoch: 2 Batch: 2100 Generated domain name: 6575788866;977649572667287575856543,79687985586936457366689888526796 	 [len: 68]
[Epoch: 2 Batch: 2200 Generated domain name: 6575788876,977749683758278575866544796878,85696935557366697988436796 	 [len: 68]
[Epoch: 2 Batch: 2300 Generated domain name: 6575787865,9776596837682886976857544,78587985696935557266697888537796 	 [len: 69]
[Epoch: 2 Batch: 2400 Generated domain name: 556,5798866;877659573758277575856544,79687885696935557266697978526695 	 [len: 69]
[Epoch: 2 Batch: 2500 Generated domain name: 6575687866,97679495727683785975856444,799587985697945557366698878526796 	 [len: 71]
[Epoch: 2 Batch: 2600 Generated domain name: 657,5798865,876659682767288697685744479687885596935547265697878537796 	 [len: 69]
[Epoch: 2 Batch: 2700 Generated domain name: 657,5798866;867659572757288575866543,796879,8569684555736568888526796 	 [len: 69]
[Epoch: 2 Batch: 2800 Generated domain name: 657,5787866,977659673758278475767544,696878,866969365573656989888536696 	 [len: 71]
[Epoch: 3 Batch: 0 Generated domain name: 6576798866877659682758277675856544,696879,856969465572656989978536686 	 [len: 69]
[Epoch: 3 Batch: 100 Generated domain name: 657,5798865,8766467269572885975857544,799687985696945558265698878526796 	 [len: 71]
[Epoch: 3 Batch: 200 Generated domain name: 6575787965,977649582758388576857544,7996878855969354572566989888526696 	 [len: 70]
[Epoch: 3 Batch: 300 Generated domain name: 6575797865,876649682758388576856543,7996878,86596945557366797888536696 	 [len: 70]
[Epoch: 3 Batch: 400 Generated domain name: 5575787876;97764957379582785975867444,796879,85696935557266697887536796 	 [len: 71]
[Epoch: 3 Batch: 500 Generated domain name: 5575687866,8776596736572785965856544,796878866979455583666989878536796 	 [len: 70]
[Epoch: 3 Batch: 600 Generated domain name: 656,5797865,9776959682668278565757434796878866869355573666989889526796 	 [len: 70]
[Epoch: 3 Batch: 700 Generated domain name: 657,5787875,97769495727582785975857544,79687885596936557265698988537696 	 [len: 71]
[Epoch: 3 Batch: 800 Generated domain name: 657,5688866,877749672767288575857544,796978,856969365473666979878537796 	 [len: 71]
[Epoch: 3 Batch: 900 Generated domain name: 657,5797875,9776496837958278575867444,78697886596946558266698888526796 	 [len: 70]
[Epoch: 3 Batch: 1000 Generated domain name: 6565797866;9776949682758278575856444,696878,85696936447266797887527796 	 [len: 70]
[Epoch: 3 Batch: 1100 Generated domain name: 6575698966,9776595737582785975866444,796878,856969455573666989888536696 	 [len: 71]
[Epoch: 3 Batch: 1200 Generated domain name: 656,6698866,977659583758178576866544,796878,85696935458365697888537795 	 [len: 70]
[Epoch: 3 Batch: 1300 Generated domain name: 6565697865;977659672758288575857444,6896878,85696935457265698878526796 	 [len: 70]
[Epoch: 3 Batch: 1400 Generated domain name: 657,5787965,977749573758278576756444,69687985696945557266698978536796 	 [len: 69]
[Epoch: 3 Batch: 1500 Generated domain name: 6575787876;977649572767278575857544,696878,856969355573656979888536795 	 [len: 70]
[Epoch: 3 Batch: 1600 Generated domain name: 6575787865,977655727572785975866544796878,8669645557265697878527696 	 [len: 67]
[Epoch: 3 Batch: 1700 Generated domain name: 657,5797865,977649572758288575857444,6996879856869355573666989878526696 	 [len: 71]
[Epoch: 3 Batch: 1800 Generated domain name: 6576698866;97769496827967278575956544,79687885696945557375698878536796 	 [len: 70]
[Epoch: 3 Batch: 1900 Generated domain name: 6575687965,9776495737582885768574447996878,85696945457366698888536796 	 [len: 69]
[Epoch: 3 Batch: 2000 Generated domain name: 5575798866,877695958279582775975866544,785879856969455573657989978537796 	 [len: 72]
[Epoch: 3 Batch: 2100 Generated domain name: 6575788965,9677949573758278575857443,796879,85587935457266697888536796 	 [len: 70]
[Epoch: 3 Batch: 2200 Generated domain name: 6575798865;977659673757288576867444,796878,866969465572666979888536696 	 [len: 70]
[Epoch: 3 Batch: 2300 Generated domain name: 656,5687866,87765967279572785975857544,696879,85696945557265698988536696 	 [len: 72]
[Epoch: 3 Batch: 2400 Generated domain name: 657,5798865,97765682757278576856444,79687885596936547266697988526795 	 [len: 68]
[Epoch: 3 Batch: 2500 Generated domain name: 556,5787865,9766596827582885976866444796878,855969455572666979978537795 	 [len: 71]
[Epoch: 3 Batch: 2600 Generated domain name: 557,5798866;9776596826583785758565447996889,756869355573667979978526795 	 [len: 71]
[Epoch: 3 Batch: 2700 Generated domain name: 6575687866,9776595837582785975756544,796878856969365572666979878527796 	 [len: 70]
[Epoch: 3 Batch: 2800 Generated domain name: 6675798865,966759583658288576856544,799687885696945557265697878537796 	 [len: 69]
[Epoch: 4 Batch: 0 Generated domain name: 6575697865;876659582658278576857444,79687885586946557266698988526796 	 [len: 68]
[Epoch: 4 Batch: 100 Generated domain name: 5575697866,9766949572757288675867544,78687885697935557266798978536696 	 [len: 69]
[Epoch: 4 Batch: 200 Generated domain name: 6575788865;8776596827683785668565347996878,85696946557365697878536796 	 [len: 69]
[Epoch: 4 Batch: 300 Generated domain name: 566,5787866,976659672758278575866544,7996878,85596835557366698878536796 	 [len: 71]
[Epoch: 4 Batch: 400 Generated domain name: 657,5687876;9776495827582775975767544,696888856969455572656989878537696 	 [len: 71]
[Epoch: 4 Batch: 500 Generated domain name: 6575797865,87765968269582776975856444,78687885696935558266698888527796 	 [len: 70]
[Epoch: 4 Batch: 600 Generated domain name: 6575797866,8776595837582785975866444,796878,85596935557266697888526796 	 [len: 70]
[Epoch: 4 Batch: 700 Generated domain name: 6575797866;977749582758278575767444,699687995696935557265798988637796 	 [len: 69]
[Epoch: 4 Batch: 800 Generated domain name: 6575788866,877659683795828867585654479687885596936557266697878536796 	 [len: 68]
[Epoch: 4 Batch: 900 Generated domain name: 657,5687865,8776458379582785975767444,78587885696946557266698978536696 	 [len: 70]
[Epoch: 4 Batch: 1000 Generated domain name: 657,5787866;977659582758278575856544,799687885696945557266698878537696 	 [len: 70]
[Epoch: 4 Batch: 1100 Generated domain name: 656,5688866,877659582758278575856544,796879855969465572556989888527695 	 [len: 70]
[Epoch: 4 Batch: 1200 Generated domain name: 6565787966,97675958379582885976857544,7996878,756969465572666989878536796 	 [len: 73]
[Epoch: 1 Batch: 0 Generated domain name: 654596,575656964965698;76976599;484696,8656238,67755566636668634458765,4 	 [len: 72]
[Epoch: 1 Batch: 100 Generated domain name: 643596,575656964865598,87986599;484695,8656228,67855566636658634457776;5 	 [len: 72]
[Epoch: 1 Batch: 200 Generated domain name: 754596,585656964865697,77976599;485695,965612867755566636658634458765;5 	 [len: 71]
[Epoch: 1 Batch: 300 Generated domain name: 744596,575656964865598,77986599;484685,8656138,967755566636668633458775;5 	 [len: 73]
[Epoch: 1 Batch: 400 Generated domain name: 654596,575657964864698;77986599;485685,965623777755566636668634458775,5 	 [len: 71]
[Epoch: 1 Batch: 500 Generated domain name: 754596,575657964965698,87976498;485685,8656138967755566636668634358765;5 	 [len: 72]
[Epoch: 1 Batch: 0 Generated domain name: 986587695738685757689679,995764747645866;275765546897894782777846967 	 [len: 68]
[Epoch: 1 Batch: 100 Generated domain name: 986,5976673868,5757689679,95774748545866;2657655457978995782777847977 	 [len: 69]
[Epoch: 1 Batch: 200 Generated domain name: 986,69769673868,5758689589,95774658645766;2767755467978994772767846977 	 [len: 70]
[Epoch: 1 Batch: 300 Generated domain name: 986677595738685747689689,95764748545866.2767655468878995772877836967 	 [len: 68]
[Epoch: 1 Batch: 400 Generated domain name: 9865886673868,5757689679,9,5764748545866;375776546897885772877847977 	 [len: 68]
[Epoch: 1 Batch: 500 Generated domain name: 9756876673868574768857995764648645766;3767655467978994772877847977 	 [len: 66]
[Epoch: 1 Batch: 600 Generated domain name: 986,5876573868,5757588689,9,577474854,5876;3767655467978994782877747966, 	 [len: 72]
[Epoch: 1 Batch: 700 Generated domain name: 8866876573868,5757789689,9,5874648545866;376765536897894773867846977 	 [len: 68]
[Epoch: 1 Batch: 800 Generated domain name: 886587657386857575886799,5774747644866;3767754357978994672777846976 	 [len: 67]
[Epoch: 1 Batch: 900 Generated domain name: ,98668765738685757689679,9,5774747645866;376765535797894772867847977 	 [len: 68]
[Epoch: 1 Batch: 1000 Generated domain name: 986,58765828685757699579,9,5764757535866.3767654457878994773877847977 	 [len: 69]
[Epoch: 1 Batch: 1100 Generated domain name: 98669765738685758688689,995774747645866;275865535897995773877747976 	 [len: 67]
[Epoch: 1 Batch: 1200 Generated domain name: 986,68769673867,5757698689,9,577474854,4877;3767655468878995782867847977 	 [len: 72]
[Epoch: 1 Batch: 1300 Generated domain name: 88668766738685757689679,9,576474764,4866;376765545797994672867847976 	 [len: 68]
[Epoch: 1 Batch: 1400 Generated domain name: 986687695728685757688579995764758535866;2767655357978994772877847966 	 [len: 68]
[Epoch: 1 Batch: 1500 Generated domain name: 986,58765728685757699679,9,5764758644867;3757645368989994773867847966, 	 [len: 70]
[Epoch: 1 Batch: 1600 Generated domain name: 9865876572878,5747689689,99,5774748645866;2767655367978994772777846977 	 [len: 70]
[Epoch: 1 Batch: 1700 Generated domain name: 98668769573868,6757689689,9,577474754,5876;37577553589789567276783667 	 [len: 69]
[Epoch: 1 Batch: 1800 Generated domain name: 986,59766738675757689689,99577474854,5876.2767655468978995682877846977 	 [len: 70]
[Epoch: 1 Batch: 1900 Generated domain name: 99865876573768,5757689689,8,5774748644866;3768655457978995682867847967 	 [len: 70]
[Epoch: 1 Batch: 2000 Generated domain name: 986,58769673868,5747689589,9,5864748544866;276765545897894682777846967, 	 [len: 71]
[Epoch: 1 Batch: 2100 Generated domain name: 976,6876573868,57576896899587574864,5866;3767655467978995773877847967 	 [len: 69]
[Epoch: 1 Batch: 2200 Generated domain name: 986,58769572868575768867999577474864,5866;2767655468978994672877847967 	 [len: 70]
[Epoch: 1 Batch: 2300 Generated domain name: 986687695738685747688689,9,5874748644866;3767655368978994672877846966 	 [len: 69]
[Epoch: 1 Batch: 2400 Generated domain name: 97659769573868,5747689679,9,5774748544866;3767755358978995672777846977, 	 [len: 71]
[Epoch: 1 Batch: 2500 Generated domain name: 98658765728685757689579,96774748644866;3767655368978984772767846976 	 [len: 67]
[Epoch: 1 Batch: 2600 Generated domain name: 9865876673868,5757689689,99,577474764,5866;37676554689799467287784776 	 [len: 69]
[Epoch: 1 Batch: 2700 Generated domain name: 8865876582868,575778968,98,5774748645876;3767655367978984673877847977 	 [len: 69]
[Epoch: 1 Batch: 2800 Generated domain name: 9865876572868,5757688689995774758545866;3757655468978994773767847967 	 [len: 68]
[Epoch: 2 Batch: 0 Generated domain name: 98658769673868,5747689589,9,577474754,5867;3767655458978994772767847977, 	 [len: 72]
[Epoch: 2 Batch: 100 Generated domain name: 9865885573868,5747688679,9,5774748545866;2767755457978994772777846977 	 [len: 69]
[Epoch: 2 Batch: 200 Generated domain name: 9766876572768,5757699679,9577474854,4867;376765536897994772877847977 	 [len: 68]
[Epoch: 2 Batch: 300 Generated domain name: 9865876672868,565768967999576474754,5876;2767655467978995682877847977 	 [len: 69]
[Epoch: 2 Batch: 400 Generated domain name: 8866976573868,5757689689,9,587474854,5867;3767655367978995772767846967 	 [len: 70]
[Epoch: 2 Batch: 500 Generated domain name: 986,686695738685747688679,95674748545867;376775535798994772777846976, 	 [len: 69]
[Epoch: 2 Batch: 600 Generated domain name: 9865876573868,57576886899,5774748645866;3767755357978994782867837977 	 [len: 68]
[Epoch: 2 Batch: 700 Generated domain name: 986,58769573868,5757688689,9,5774748645866;3767655367978995772877847967 	 [len: 71]
[Epoch: 2 Batch: 800 Generated domain name: 98658769572768,57576886799,5774747644866;3767654358978995772777846977 	 [len: 69]
[Epoch: 2 Batch: 900 Generated domain name: 98668666738685757688589,9,5764748545877;376765646797999477277784776 	 [len: 67]
[Epoch: 2 Batch: 1000 Generated domain name: 9865866573868,5757688599,99,577474854,5866;3757655457988994772877947977 	 [len: 71]
[Epoch: 2 Batch: 1100 Generated domain name: 9866876573868,5758688589,99,5874748645876;375865536888994672777847966 	 [len: 69]
[Epoch: 2 Batch: 1200 Generated domain name: 98668769573868,575769867995774758545876;2768655468978994772877847976 	 [len: 68]
[Epoch: 2 Batch: 1300 Generated domain name: 986,6876572868575768967999,5763748645866;3767655368978994672867847976 	 [len: 69]
[Epoch: 2 Batch: 1400 Generated domain name: 986687695738685757688679,99,6774748544866;2767655367978995682877847967 	 [len: 70]
[Epoch: 2 Batch: 1500 Generated domain name: 88668765738685758689689995774747645866;2767655367878995672877847967 	 [len: 67]
[Epoch: 2 Batch: 1600 Generated domain name: 986687696738685758689679995764747645866;3757655367978995782767846977 	 [len: 68]
[Epoch: 2 Batch: 1700 Generated domain name: 9986587657386857576885899,5774747645866;266775536897994672877847966 	 [len: 67]
[Epoch: 2 Batch: 1800 Generated domain name: 98658765738685747688679,95774747645866;366865535897894672877847877 	 [len: 66]
[Epoch: 2 Batch: 1900 Generated domain name: 88669769572868,5647688679,9,5774747545866;2757654467979995672877837967, 	 [len: 71]
[Epoch: 2 Batch: 2000 Generated domain name: 98658769572768,575768968999,5774648645866;3767655358978995772877847977 	 [len: 70]
[Epoch: 2 Batch: 2100 Generated domain name: 88668765738685757688689,99,5774748545866;2757655367978995783867747976 	 [len: 69]
[Epoch: 2 Batch: 2200 Generated domain name: 986,68769572868,5757689689,9,577474764,4866;2757655457978994772877847967 	 [len: 72]
[Epoch: 2 Batch: 2300 Generated domain name: 986,5876673868,5757689679995674747545866;276765535797895783867847967 	 [len: 68]
[Epoch: 2 Batch: 2400 Generated domain name: 986,587657386856576885899577474764,4866.27676553579789957727778479669 	 [len: 69]
[Epoch: 2 Batch: 2500 Generated domain name: 98668769572868,5757688679,995774748545866;2767655357979994773777846976 	 [len: 70]
[Epoch: 2 Batch: 2600 Generated domain name: 986587695737685757689579,9,5774748645866;3767655468978995682867847967 	 [len: 69]
[Epoch: 2 Batch: 2700 Generated domain name: 9865876573878,5647688678,9,5774747645866;3767654367978995672877846976 	 [len: 69]
[Epoch: 2 Batch: 2800 Generated domain name: 8965876573868,5657688689,9,5774747635866;3767755357978995672877847976 	 [len: 69]
[Epoch: 3 Batch: 0 Generated domain name: 986587695738685748689689,99576475764,5866;376775536897895772877847977 	 [len: 69]
[Epoch: 3 Batch: 100 Generated domain name: 98658769572868,575768868999,5774747645877;376765536797895772877847977 	 [len: 69]
[Epoch: 3 Batch: 200 Generated domain name: 886,58869573868,5757688679,8,5774747544866;275765445797895682877846967 	 [len: 70]
[Epoch: 3 Batch: 300 Generated domain name: 98668765738685757689589,95764748644866;2767655367978994773877846977 	 [len: 67]
[Epoch: 3 Batch: 400 Generated domain name: 88658765738685757788689,994774748645876;3767655357988995672867837977 	 [len: 68]
[Epoch: 3 Batch: 500 Generated domain name: 9856976672868,5757689579,99576474754,5866;276775546897895672877847967 	 [len: 69]
[Epoch: 3 Batch: 600 Generated domain name: 88658765738685657688679,99,677474854,5866;2757655367978994772777847976 	 [len: 70]
[Epoch: 3 Batch: 700 Generated domain name: 985,5876573868,5757788689,95774747655866;2757755358978994782867847976 	 [len: 69]
[Epoch: 3 Batch: 800 Generated domain name: 986,68769572968,5757689689,9677474854,5966;276755536897895782877837977 	 [len: 70]
[Epoch: 3 Batch: 900 Generated domain name: 986687695638685757689679,9,576575864,4866;3767655357978994672767846967 	 [len: 70]
[Epoch: 3 Batch: 1000 Generated domain name: 88668765738785757689579995774747645867;3767655367978995772877847976 	 [len: 67]
[Epoch: 3 Batch: 1100 Generated domain name: 8866876673868,5657689689,99,5774747545867;265765536797895682877847967 	 [len: 69]
[Epoch: 3 Batch: 1200 Generated domain name: 9865976672868,5658689679,9,5774757644866;375775535897994782877847976 	 [len: 68]
[Epoch: 3 Batch: 1300 Generated domain name: 998659769673868,57576885899,5774748645866;3767655358978994772776847976 	 [len: 70]
[Epoch: 3 Batch: 1400 Generated domain name: 98668769573868,57486896899,5774647645867;3767754467978994772777846976 	 [len: 69]
[Epoch: 3 Batch: 1500 Generated domain name: 986,69769573868,5758689589,99,676464764,5876;376765546897995672867836976 	 [len: 72]
[Epoch: 3 Batch: 1600 Generated domain name: 98669769573868,57576896799,5764747645867;3758665468978994772877847977 	 [len: 69]
[Epoch: 3 Batch: 1700 Generated domain name: 886,5877572868,5658688689,9,5764748544866;376864545798894672876847976 	 [len: 69]
[Epoch: 3 Batch: 1800 Generated domain name: 9866876967386857576896899,577475854,4876;276875546897899567287783767 	 [len: 68]
[Epoch: 3 Batch: 1900 Generated domain name: 886,58769573868,575768857995764748645766;376765546797995682777847966 	 [len: 68]
[Epoch: 3 Batch: 2000 Generated domain name: 98658769573868,5757689689,9,5774648545866;276765546798894772877847976 	 [len: 69]
[Epoch: 3 Batch: 2100 Generated domain name: 9866876573877575768868999567474764,5976;276765536797895772877847967 	 [len: 67]
[Epoch: 3 Batch: 2200 Generated domain name: 9965876572768,5757688689,9,5774748544866;3767655458978994782777847977 	 [len: 69]
[Epoch: 1 Batch: 0 Generated domain name: 876868878777767688777677687776878887677878686767777678676877677877667777876 	 [len: 75]
[Epoch: 1 Batch: 100 Generated domain name: 876868878777767688777677687776878887677878686777777678676877677877667777876 	 [len: 75]
[Epoch: 1 Batch: 200 Generated domain name: 876868878777767688777677687776878887777878686767777678676877677877667777876 	 [len: 75]
[Epoch: 1 Batch: 300 Generated domain name: 876868878777767688777677687776878887777878686767777678676877677877667777876 	 [len: 75]
[Epoch: 1 Batch: 400 Generated domain name: 876868878777767688777677687776878887777878686767777678676877677877667777876 	 [len: 75]
[Epoch: 1 Batch: 500 Generated domain name: 876868878777767688777677687776878887677878686777777678676877677877667777876 	 [len: 75]
[Epoch: 1 Batch: 600 Generated domain name: 876868878777767688777677687776878887677878686777777678676877677877667777876 	 [len: 75]
[Epoch: 1 Batch: 700 Generated domain name: 876868878777767688777677687776878887777878686767777678676877677877667777876 	 [len: 75]
[Epoch: 1 Batch: 800 Generated domain name: 876868878777767688777677687776878887677878686767777678676877677877667777876 	 [len: 75]
[Epoch: 1 Batch: 900 Generated domain name: 876868878777767688777677687776878887677878686767777678676877677877767777876 	 [len: 75]
[Epoch: 1 Batch: 1000 Generated domain name: 876868878777767688777677687776878887677878686767777678676877677877667777876 	 [len: 75]
[Epoch: 1 Batch: 1100 Generated domain name: 876868878777767688777677687776878887677878686777777678676877677877667777876 	 [len: 75]
[Epoch: 1 Batch: 1200 Generated domain name: 876868878777767688777677687776878887677878686767777678676877677877667777876 	 [len: 75]
[Epoch: 1 Batch: 1300 Generated domain name: 876868878777767688777677687776878887777878686767777678676877677877667777876 	 [len: 75]
[Epoch: 1 Batch: 1400 Generated domain name: 876868878777767688777677687776878887777878686767777678676877677877667777876 	 [len: 75]
[Epoch: 1 Batch: 1500 Generated domain name: 876868878777767688777677687776878887777878686777777678676877677877667777876 	 [len: 75]
[Epoch: 1 Batch: 1600 Generated domain name: 876868878777767688777677687776878887777878686767777678676877677877667777876 	 [len: 75]
[Epoch: 1 Batch: 1700 Generated domain name: 876868878777767688777677687776878887777878686767777678676877677877667777876 	 [len: 75]
[Epoch: 1 Batch: 1800 Generated domain name: 876868878777767688777677687776878887677878686767777678676877677877667777876 	 [len: 75]
[Epoch: 1 Batch: 1900 Generated domain name: 876868878777767688777677687776878887677878686767777678676877677877667777876 	 [len: 75]
[Epoch: 1 Batch: 2000 Generated domain name: 876868878777767688777677687776878887777878686767777678676877677877767777876 	 [len: 75]
[Epoch: 1 Batch: 2100 Generated domain name: 876868878777767688777677687776878887777878686767777678676877677877667777876 	 [len: 75]
[Epoch: 1 Batch: 2200 Generated domain name: 876868878777767688777677687776878887677878686767777678676877677877667777876 	 [len: 75]
[Epoch: 1 Batch: 2300 Generated domain name: 876868878777767688777677687776878887677878686777777678676877677877667777876 	 [len: 75]
[Epoch: 1 Batch: 2400 Generated domain name: 876868878777767688777677687776878887677878686767777678676877677877667777876 	 [len: 75]
[Epoch: 1 Batch: 2500 Generated domain name: 876868878777767688777677687776878887777878686767777678676877677877667777876 	 [len: 75]
[Epoch: 1 Batch: 2600 Generated domain name: 876868878777767688777677687776878887777878686767777678676877677877667777876 	 [len: 75]
[Epoch: 1 Batch: 2700 Generated domain name: 876868878777767688777677687776878887677878686767777678676877677877667777876 	 [len: 75]
[Epoch: 1 Batch: 2800 Generated domain name: 876868878777767688777677687776878887777878686777777678676877677877667777876 	 [len: 75]
[Epoch: 2 Batch: 0 Generated domain name: 876868878777767688777677687776878887777878686767777678676877677877667777876 	 [len: 75]
[Epoch: 2 Batch: 100 Generated domain name: 876868878777767688777677687776878887677878686767777678676877677877667777876 	 [len: 75]
[Epoch: 2 Batch: 200 Generated domain name: 876868878777767688777677687776878887777878686767777678676877677877667777876 	 [len: 75]
[Epoch: 2 Batch: 300 Generated domain name: 876868878777767688777677687776878887677878686777777678676877677877667777876 	 [len: 75]
[Epoch: 2 Batch: 400 Generated domain name: 876868878777767688777677687776878887677878686767777678676877677877667777876 	 [len: 75]
[Epoch: 2 Batch: 500 Generated domain name: 876868878777767688777677687776878887777878686767777678676877677877667777876 	 [len: 75]
[Epoch: 2 Batch: 600 Generated domain name: 876868878777767688777677687776878887677878686777777678676877677877667777876 	 [len: 75]
[Epoch: 2 Batch: 700 Generated domain name: 876868878777767688777677687776878887777878686767777678676877677877767777876 	 [len: 75]
[Epoch: 2 Batch: 800 Generated domain name: 876868878777767688777677687776878887777878686767777678676877677877667777876 	 [len: 75]
[Epoch: 2 Batch: 900 Generated domain name: 876868878777767688777677687776878887777878686767777678676877677877667777876 	 [len: 75]
[Epoch: 2 Batch: 1000 Generated domain name: 876868878777767688777677687776878887777878686767777678676877677877667777876 	 [len: 75]
[Epoch: 2 Batch: 1100 Generated domain name: 876868878777767688777677687776878887777878686767777678676877677877667777876 	 [len: 75]
[Epoch: 2 Batch: 1200 Generated domain name: 876868878777767688777677687776878887677878686767777678676877677877767777876 	 [len: 75]
[Epoch: 2 Batch: 1300 Generated domain name: 876868878777767688777677687776878887777878686777777678676877677877667777876 	 [len: 75]
[Epoch: 2 Batch: 1400 Generated domain name: 876868878777767688777677687776878887777878686767777678676877677877667777876 	 [len: 75]
[Epoch: 2 Batch: 1500 Generated domain name: 876868878777767688777677687776878887777878686767777678676877677877667777876 	 [len: 75]
[Epoch: 2 Batch: 1600 Generated domain name: 876868878777767688777677687776878887777878686767777678676877677877667777876 	 [len: 75]
[Epoch: 2 Batch: 1700 Generated domain name: 876868878777767688777677687776878887677878686767777678676877677877667777876 	 [len: 75]
[Epoch: 2 Batch: 1800 Generated domain name: 876868878777767688777677687776878887777878686767777678676877677877667777876 	 [len: 75]
[Epoch: 2 Batch: 1900 Generated domain name: 876868878777767688777677687776878887677878686777777678676877677877667777876 	 [len: 75]
[Epoch: 2 Batch: 2000 Generated domain name: 876868878777767688777677687776878887677878686767777678676877677877667777876 	 [len: 75]
[Epoch: 2 Batch: 2100 Generated domain name: 876868878777767688777677687776878887677878686767777678676877677877667777876 	 [len: 75]
[Epoch: 2 Batch: 2200 Generated domain name: 876868878777767688777677687776878887677878686767777678676877677877667777876 	 [len: 75]
[Epoch: 2 Batch: 2300 Generated domain name: 876868878777767688777677687776878887777878686767777678676877677877667777876 	 [len: 75]
[Epoch: 2 Batch: 2400 Generated domain name: 876868878777767688777677687776878887677878686767777678676877677877667777876 	 [len: 75]
[Epoch: 2 Batch: 2500 Generated domain name: 876868878777767688777677687776878887777878686767777678676877677877667777876 	 [len: 75]
[Epoch: 2 Batch: 2600 Generated domain name: 876868878777767688777677687776878887677878686767777678676877677877767777876 	 [len: 75]
[Epoch: 2 Batch: 2700 Generated domain name: 876868878777767688777677687776878887777878686777777678676877677877667777876 	 [len: 75]
[Epoch: 2 Batch: 2800 Generated domain name: 876868878777767688777677687776878887777878686777777678676877677877667777876 	 [len: 75]
[Epoch: 3 Batch: 0 Generated domain name: 876868878777767688777677687776878887777878686767777678676877677877667777876 	 [len: 75]
[Epoch: 1 Batch: 0 Generated domain name: 68586656654998389458,55;7688966,296487888887679;948358.75955446.9478666778 	 [len: 74]
[Epoch: 1 Batch: 0 Generated domain name: 68997677787777776678667688658778776788676788777759866887877777679877866667 	 [len: 74]
[Epoch: 1 Batch: 0 Generated domain name: 68997677787777776678667688658778776788676788777759866887877777679877866667 	 [len: 74]
[Epoch: 1 Batch: 100 Generated domain name: 68997677787777776678667688658778776788676788777759866887877777679877866667 	 [len: 74]
[Epoch: 1 Batch: 200 Generated domain name: 68997677787777776678667688658778776788676788777759866887877777679877866667 	 [len: 74]
[Epoch: 1 Batch: 300 Generated domain name: 68997677787777776678667688658778776788676788777759866887877777679877866667 	 [len: 74]
[Epoch: 1 Batch: 400 Generated domain name: 68997677787777776678667688658778776788676788777759866887877777679877866667 	 [len: 74]
[Epoch: 1 Batch: 500 Generated domain name: 68997677787777776678667688658778776788676788777759866887877777679877866667 	 [len: 74]
[Epoch: 1 Batch: 600 Generated domain name: 68997677787777776678667688658778776788676788777759866887877777679877866667 	 [len: 74]
[Epoch: 1 Batch: 700 Generated domain name: 68997677787777776678667688658778776788676788777759866887877777679877866667 	 [len: 74]
[Epoch: 1 Batch: 800 Generated domain name: 68997677787777776678667688658778776788676788777759866887877777679877866667 	 [len: 74]
[Epoch: 1 Batch: 900 Generated domain name: 68997677787777776678667688658778776788676788777759866887877777679877866667 	 [len: 74]
[Epoch: 1 Batch: 1000 Generated domain name: 68997677787777776678667688658778776788676788777759866887877777679877866667 	 [len: 74]
[Epoch: 1 Batch: 1100 Generated domain name: 68997677787777776678667688658778776788676788777759866887877777679877866667 	 [len: 74]
[Epoch: 1 Batch: 1200 Generated domain name: 68997677787777776678667688658778776788676788777759866887877777679877866667 	 [len: 74]
[Epoch: 1 Batch: 1300 Generated domain name: 68997677787777776678667688658778776788676788777759866887877777679877866667 	 [len: 74]
[Epoch: 1 Batch: 1400 Generated domain name: 68997677787777776678667688658778776788676788777759866887877777679877866667 	 [len: 74]
[Epoch: 1 Batch: 1500 Generated domain name: 68997677787777776678667688658778776788676788777759866887877777679877866667 	 [len: 74]
[Epoch: 1 Batch: 1600 Generated domain name: 68997677787777776678667688658778776788676788777759866887877777679877866667 	 [len: 74]
[Epoch: 1 Batch: 1700 Generated domain name: 68997677787777776678667688658778776788676788777759866887877777679877866667 	 [len: 74]
[Epoch: 1 Batch: 1800 Generated domain name: 68997677787777776678667688658778776788676788777759866887877777679877866667 	 [len: 74]
[Epoch: 1 Batch: 1900 Generated domain name: 68997677787777776678667688658778776788676788777759866887877777679877866667 	 [len: 74]
[Epoch: 1 Batch: 2000 Generated domain name: 68997677787777776678667688658778776788676788777759866887877777679877866667 	 [len: 74]
[Epoch: 1 Batch: 2100 Generated domain name: 68997677787777776678667688658778776788676788777759866887877777679877866667 	 [len: 74]
[Epoch: 1 Batch: 2200 Generated domain name: 68997677787777776678667688658778776788676788777759866887877777679877866667 	 [len: 74]
[Epoch: 1 Batch: 2300 Generated domain name: 68997677787777776678667688658778776788676788777759866887877777679877866667 	 [len: 74]
[Epoch: 1 Batch: 2400 Generated domain name: 68997677787777776678667688658778776788676788777759866887877777679877866667 	 [len: 74]
[Epoch: 1 Batch: 2500 Generated domain name: 68997677787777776678667688658778776788676788777759866887877777679877866667 	 [len: 74]
[Epoch: 1 Batch: 2600 Generated domain name: 68997677787777776678667688658778776788676788777759866887877777679877866667 	 [len: 74]
[Epoch: 1 Batch: 2700 Generated domain name: 68997677787777776678667688658778776788676788777759866887877777679877866667 	 [len: 74]
[Epoch: 1 Batch: 2800 Generated domain name: 68997677787777776678667688658778776788676788777759866887877777679877866667 	 [len: 74]
[Epoch: 2 Batch: 0 Generated domain name: 68997677787777776678667688658778776788676788777759866887877777679877866667 	 [len: 74]
[Epoch: 2 Batch: 100 Generated domain name: 68997677787777776678667688658778776788676788777759866887877777679877866667 	 [len: 74]
[Epoch: 2 Batch: 200 Generated domain name: 68997677787777776678667688658778776788676788777759866887877777679877866667 	 [len: 74]
[Epoch: 2 Batch: 300 Generated domain name: 68997677787777776678667688658778776788676788777759866887877777679877866667 	 [len: 74]
[Epoch: 2 Batch: 400 Generated domain name: 68997677787777776678667688658778776788676788777759866887877777679877866667 	 [len: 74]
[Epoch: 2 Batch: 500 Generated domain name: 68997677787777776678667688658778776788676788777759866887877777679877866667 	 [len: 74]
[Epoch: 2 Batch: 600 Generated domain name: 68997677787777776678667688658778776788676788777759866887877777679877866667 	 [len: 74]
[Epoch: 2 Batch: 700 Generated domain name: 68997677787777776678667688658778776788676788777759866887877777679877866667 	 [len: 74]
[Epoch: 2 Batch: 800 Generated domain name: 68997677787777776678667688658778776788676788777759866887877777679877866667 	 [len: 74]
[Epoch: 2 Batch: 900 Generated domain name: 68997677787777776678667688658778776788676788777759866887877777679877866667 	 [len: 74]
[Epoch: 2 Batch: 1000 Generated domain name: 68997677787777776678667688658778776788676788777759866887877777679877866667 	 [len: 74]
[Epoch: 2 Batch: 1100 Generated domain name: 68997677787777776678667688658778776788676788777759866887877777679877866667 	 [len: 74]
[Epoch: 2 Batch: 1200 Generated domain name: 68997677787777776678667688658778776788676788777759866887877777679877866667 	 [len: 74]
[Epoch: 2 Batch: 1300 Generated domain name: 68997677787777776678667688658778776788676788777759866887877777679877866667 	 [len: 74]
[Epoch: 2 Batch: 1400 Generated domain name: 68997677787777776678667688658778776788676788777759866887877777679877866667 	 [len: 74]
[Epoch: 2 Batch: 1500 Generated domain name: 68997677787777776678667688658778776788676788777759866887877777679877866667 	 [len: 74]
[Epoch: 2 Batch: 1600 Generated domain name: 68997677787777776678667688658778776788676788777759866887877777679877866667 	 [len: 74]
[Epoch: 2 Batch: 1700 Generated domain name: 68997677787777776678667688658778776788676788777759866887877777679877866667 	 [len: 74]
[Epoch: 2 Batch: 1800 Generated domain name: 68997677787777776678667688658778776788676788777759866887877777679877866667 	 [len: 74]
[Epoch: 2 Batch: 1900 Generated domain name: 68997677787777776678667688658778776788676788777759866887877777679877866667 	 [len: 74]
[Epoch: 2 Batch: 2000 Generated domain name: 68997677787777776678667688658778776788676788777759866887877777679877866667 	 [len: 74]
[Epoch: 2 Batch: 2100 Generated domain name: 68997677787777776678667688658778776788676788777759866887877777679877866667 	 [len: 74]
[Epoch: 2 Batch: 2200 Generated domain name: 68997677787777776678667688658778776788676788777759866887877777679877866667 	 [len: 74]
[Epoch: 2 Batch: 2300 Generated domain name: 68997677787777776678667688658778776788676788777759866887877777679877866667 	 [len: 74]
[Epoch: 2 Batch: 2400 Generated domain name: 68997677787777776678667688658778776788676788777759866887877777679877866667 	 [len: 74]
[Epoch: 2 Batch: 2500 Generated domain name: 68997677787777776678667688658778776788676788777759866887877777679877866667 	 [len: 74]
[Epoch: 2 Batch: 2600 Generated domain name: 68997677787777776678667688658778776788676788777759866887877777679877866667 	 [len: 74]
[Epoch: 2 Batch: 2700 Generated domain name: 68997677787777776678667688658778776788676788777759866887877777679877866667 	 [len: 74]
[Epoch: 2 Batch: 2800 Generated domain name: 68997677787777776678667688658778776788676788777759866887877777679877866667 	 [len: 74]
[Epoch: 3 Batch: 0 Generated domain name: 68997677787777776678667688658778776788676788777759866887877777679877866667 	 [len: 74]
[Epoch: 3 Batch: 100 Generated domain name: 68997677787777776678667688658778776788676788777759866887877777679877866667 	 [len: 74]
[Epoch: 3 Batch: 200 Generated domain name: 68997677787777776678667688658778776788676788777759866887877777679877866667 	 [len: 74]
[Epoch: 3 Batch: 300 Generated domain name: 68997677787777776678667688658778776788676788777759866887877777679877866667 	 [len: 74]
[Epoch: 3 Batch: 400 Generated domain name: 68997677787777776678667688658778776788676788777759866887877777679877866667 	 [len: 74]
[Epoch: 3 Batch: 500 Generated domain name: 68997677787777776678667688658778776788676788777759866887877777679877866667 	 [len: 74]
[Epoch: 3 Batch: 600 Generated domain name: 68997677787777776678667688658778776788676788777759866887877777679877866667 	 [len: 74]
[Epoch: 3 Batch: 700 Generated domain name: 68997677787777776678667688658778776788676788777759866887877777679877866667 	 [len: 74]
[Epoch: 3 Batch: 800 Generated domain name: 68997677787777776678667688658778776788676788777759866887877777679877866667 	 [len: 74]
[Epoch: 3 Batch: 900 Generated domain name: 68997677787777776678667688658778776788676788777759866887877777679877866667 	 [len: 74]
[Epoch: 3 Batch: 1000 Generated domain name: 68997677787777776678667688658778776788676788777759866887877777679877866667 	 [len: 74]
[Epoch: 3 Batch: 1100 Generated domain name: 68997677787777776678667688658778776788676788777759866887877777679877866667 	 [len: 74]
[Epoch: 3 Batch: 1200 Generated domain name: 68997677787777776678667688658778776788676788777759866887877777679877866667 	 [len: 74]
[Epoch: 3 Batch: 1300 Generated domain name: 68997677787777776678667688658778776788676788777759866887877777679877866667 	 [len: 74]
[Epoch: 3 Batch: 1400 Generated domain name: 68997677787777776678667688658778776788676788777759866887877777679877866667 	 [len: 74]
[Epoch: 3 Batch: 1500 Generated domain name: 68997677787777776678667688658778776788676788777759866887877777679877866667 	 [len: 74]
[Epoch: 3 Batch: 1600 Generated domain name: 68997677787777776678667688658778776788676788777759866887877777679877866667 	 [len: 74]
[Epoch: 3 Batch: 1700 Generated domain name: 68997677787777776678667688658778776788676788777759866887877777679877866667 	 [len: 74]
[Epoch: 3 Batch: 1800 Generated domain name: 68997677787777776678667688658778776788676788777759866887877777679877866667 	 [len: 74]
[Epoch: 3 Batch: 1900 Generated domain name: 68997677787777776678667688658778776788676788777759866887877777679877866667 	 [len: 74]
[Epoch: 3 Batch: 2000 Generated domain name: 68997677787777776678667688658778776788676788777759866887877777679877866667 	 [len: 74]
[Epoch: 3 Batch: 2100 Generated domain name: 68997677787777776678667688658778776788676788777759866887877777679877866667 	 [len: 74]
[Epoch: 3 Batch: 2200 Generated domain name: 68997677787777776678667688658778776788676788777759866887877777679877866667 	 [len: 74]
[Epoch: 3 Batch: 2300 Generated domain name: 68997677787777776678667688658778776788676788777759866887877777679877866667 	 [len: 74]
[Epoch: 3 Batch: 2400 Generated domain name: 68997677787777776678667688658778776788676788777759866887877777679877866667 	 [len: 74]
[Epoch: 3 Batch: 2500 Generated domain name: 68997677787777776678667688658778776788676788777759866887877777679877866667 	 [len: 74]
[Epoch: 3 Batch: 2600 Generated domain name: 68997677787777776678667688658778776788676788777759866887877777679877866667 	 [len: 74]
[Epoch: 3 Batch: 2700 Generated domain name: 68997677787777776678667688658778776788676788777759866887877777679877866667 	 [len: 74]
[Epoch: 3 Batch: 2800 Generated domain name: 68997677787777776678667688658778776788676788777759866887877777679877866667 	 [len: 74]
[Epoch: 4 Batch: 0 Generated domain name: 68997677787777776678667688658778776788676788777759866887877777679877866667 	 [len: 74]
[Epoch: 4 Batch: 100 Generated domain name: 68997677787777776678667688658778776788676788777759866887877777679877866667 	 [len: 74]
[Epoch: 4 Batch: 200 Generated domain name: 68997677787777776678667688658778776788676788777759866887877777679877866667 	 [len: 74]
[Epoch: 4 Batch: 300 Generated domain name: 68997677787777776678667688658778776788676788777759866887877777679877866667 	 [len: 74]
[Epoch: 4 Batch: 400 Generated domain name: 68997677787777776678667688658778776788676788777759866887877777679877866667 	 [len: 74]
[Epoch: 4 Batch: 500 Generated domain name: 68997677787777776678667688658778776788676788777759866887877777679877866667 	 [len: 74]
[Epoch: 4 Batch: 600 Generated domain name: 68997677787777776678667688658778776788676788777759866887877777679877866667 	 [len: 74]
[Epoch: 4 Batch: 700 Generated domain name: 68997677787777776678667688658778776788676788777759866887877777679877866667 	 [len: 74]
[Epoch: 1 Batch: 0 Generated domain name: 68997677787777776678667688658778776788676788777759866887877777679877866667 	 [len: 74]
[Epoch: 1 Batch: 100 Generated domain name: 68997677787777776678667688658778776788676788777759866887877777679877866667 	 [len: 74]
[Epoch: 1 Batch: 200 Generated domain name: 68997677787777776678667688658778776788676788777759866887877777679877866667 	 [len: 74]
[Epoch: 1 Batch: 300 Generated domain name: 68997677787777776678667688658778776788676788777759866887877777679877866667 	 [len: 74]
[Epoch: 1 Batch: 400 Generated domain name: 68997677787777776678667688658778776788676788777759866887877777679877866667 	 [len: 74]
[Epoch: 1 Batch: 500 Generated domain name: 68997677787777776678667688658778776788676788777759866887877777679877866667 	 [len: 74]
[Epoch: 1 Batch: 600 Generated domain name: 68997677787777776678667688658778776788676788777759866887877777679877866667 	 [len: 74]
[Epoch: 1 Batch: 700 Generated domain name: 68997677787777776678667688658778776788676788777759866887877777679877866667 	 [len: 74]
[Epoch: 1 Batch: 800 Generated domain name: 68997677787777776678667688658778776788676788777759866887877777679877866667 	 [len: 74]
[Epoch: 1 Batch: 0 Generated domain name: 775786788667766876786669768578865697667897878667977778785657868867687778777 	 [len: 75]
[Epoch: 1 Batch: 100 Generated domain name: 775786788667766876786669768578865697667897878667977778785657868867687778777 	 [len: 75]
[Epoch: 1 Batch: 200 Generated domain name: 775786788667766876786669768578865697667897878667977778785657868867687778777 	 [len: 75]
[Epoch: 1 Batch: 300 Generated domain name: 775786788667766876786669768578865697667897878667977778785657868867687778777 	 [len: 75]
[Epoch: 1 Batch: 400 Generated domain name: 775786788667766876786669768578865697667897878667977778785657868867687778777 	 [len: 75]
