Epoch: 0, Train Loss: 82.0721, Val Loss: 57.3025, In domain: koi-nya.net, Out domain: aaaaa..om, In domain validation: extremeglow.com, Out domain validation: aaaaeaaae.com
Epoch: 1, Train Loss: 57.7598, Val Loss: 48.9702, In domain: click-4games.com, Out domain: lllll--eeee.com, In domain validation: grass3d.com, Out domain validation: aa.com
Epoch: 2, Train Loss: 49.8310, Val Loss: 43.3527, In domain: associatepi.com, Out domain: aaaaaaaiiii.com, In domain validation: a-fys.dk, Out domain validation: --b.cc
Epoch: 3, Train Loss: 45.5035, Val Loss: 40.1548, In domain: gangnamclinicth.com, Out domain: aaaaaniiiitith.com, In domain validation: ichemeblog.org, Out domain validation: iieeeeeeee.ogg
Epoch: 4, Train Loss: 42.4246, Val Loss: 37.6047, In domain: tamilspec.blogspot.com, Out domain: aiissrer.llggppot.com, In domain validation: teamfortress.com, Out domain validation: eeeooooeees.com
Epoch: 5, Train Loss: 40.1098, Val Loss: 35.3009, In domain: vpnjantit.com, Out domain: tppppitit.com, In domain validation: den904.clan.su, Out domain validation: ennnna.lar.ru
Epoch: 6, Train Loss: 38.1396, Val Loss: 33.4276, In domain: themarinelab.com, Out domain: tmemararelel.com, In domain validation: xvideodo.vip, Out domain validation: itiddoooi.io
Epoch: 7, Train Loss: 36.5948, Val Loss: 32.2963, In domain: saint-priest-en-jarez.fr, Out domain: nnnt-t-ieien-n-raraf.fr, In domain validation: stitchestostones.com, Out domain validation: ititahahooooenes.com
Epoch: 8, Train Loss: 35.5574, Val Loss: 31.3126, In domain: milanogroup.net, Out domain: ilagaguouo.net, In domain validation: swedenchurchofchrist.com, Out domain validation: cucucnchuhuhadchriri.com
Epoch: 9, Train Loss: 34.7529, Val Loss: 30.6976, In domain: rcpjournal.org, Out domain: crapupurnan.org, In domain validation: scragged.com, Out domain validation: acacece.com
Epoch: 10, Train Loss: 34.4117, Val Loss: 30.2801, In domain: pi4j.com, Out domain: pkpi.com, In domain validation: dutch-headshop.be, Out domain validation: dahchea-ahshsb.be
Epoch: 11, Train Loss: 33.9539, Val Loss: 29.9173, In domain: tvoidantist.ru, Out domain: voaoantitr.ru, In domain validation: jawalplus.com, Out domain validation: jalalulkl.com
Epoch: 12, Train Loss: 33.7005, Val Loss: 29.6234, In domain: campussports.net, Out domain: opmpupusosos.net, In domain validation: covered6.com, Out domain validation: vevordrd.com
Epoch: 13, Train Loss: 33.3741, Val Loss: 29.3166, In domain: kiwz.ru, Out domain: wkwz.ru, In domain validation: bolod.mn, Out domain validation: bbod.dd
Epoch: 14, Train Loss: 33.2035, Val Loss: 29.0983, In domain: movieden.net, Out domain: vivinnnd.net, In domain validation: samsonite.at, Out domain validation: amaitita.et
Epoch: 15, Train Loss: 32.8477, Val Loss: 28.8540, In domain: lavalledelmetauro.it, Out domain: avallllleglrtrao.it, In domain validation: planeteanimal.com, Out domain validation: pleleanaealam.com
Epoch: 16, Train Loss: 32.7868, Val Loss: 28.6938, In domain: cheapenergy24.de, Out domain: aeaneney2rg4.4e, In domain validation: xn--80adbj0cckt.xn--p1ai, Out domain validation: -n-nadad0j0ctktkxn-np1ai
Epoch: 17, Train Loss: 32.5112, Val Loss: 28.6592, In domain: laogu.cc, Out domain: aamgu.uc, In domain validation: saturn-r.ru, Out domain validation: asu-n-r.ru
Epoch: 18, Train Loss: 32.5834, Val Loss: 28.4696, In domain: calpinesolutions.com, Out domain: lplpeninolotiois.com, In domain validation: musicbaza.live, Out domain validation: musiscaza.lili
Epoch: 19, Train Loss: 32.4888, Val Loss: 28.4317, In domain: rapidfile.pro, Out domain: ripipleli.opo, In domain validation: the-fencer.livejournal.com, Out domain validation: ho-deerecililejeuplal.com
Epoch: 20, Train Loss: 32.2491, Val Loss: 28.2960, In domain: byres.ru, Out domain: byrys.su, In domain validation: vk-unblock.com, Out domain validation: vk-unuckck.com
Epoch: 21, Train Loss: 32.1485, Val Loss: 28.1245, In domain: deathlist.net, Out domain: dgataltst.net, In domain validation: greentelecom.ir, Out domain validation: rgtetececem.ir
Epoch: 22, Train Loss: 32.1648, Val Loss: 28.1553, In domain: hou.kr, Out domain: ohok.kr, In domain validation: ottplayer.es, Out domain validation: orotyayae.es
Epoch: 23, Train Loss: 32.0403, Val Loss: 27.9911, In domain: cobby.jp, Out domain: bboy.jp, In domain validation: movearound-journey.com, Out domain validation: omaeaednddou-ueyey.com
Epoch: 24, Train Loss: 31.9700, Val Loss: 27.9817, In domain: 4project.co.il, Out domain: 3prere.t.ci.il, In domain validation: ntere.st, Out domain validation: ntete.et
Epoch: 25, Train Loss: 31.9297, Val Loss: 27.8816, In domain: compilgames.net, Out domain: compipiames.net, In domain validation: bextiyartuncay.wordpress.com, Out domain validation: weuearirnuncaw.wdrdrdeds.com
Epoch: 26, Train Loss: 31.9150, Val Loss: 27.9069, In domain: cameralk.com, Out domain: memelark.com, In domain validation: youthpolicy.org, Out domain validation: uourhrhcici.org
Epoch: 27, Train Loss: 32.0605, Val Loss: 27.9351, In domain: realsimplegood.com, Out domain: realsilelegdod.com, In domain validation: authpro.com, Out domain validation: athpho.com
Epoch: 28, Train Loss: 32.0809, Val Loss: 27.9109, In domain: storeslike.com, Out domain: steseslele.com, In domain validation: apartmentwe.com.hk, Out domain validation: apamtmenene.com.hi
Epoch: 29, Train Loss: 31.8620, Val Loss: 27.7757, In domain: gvaiet.org, Out domain: gvetat.org, In domain validation: best-tronics.com, Out domain validation: bebetotonics.com
Epoch: 30, Train Loss: 31.8210, Val Loss: 27.7554, In domain: iq7z.com, Out domain: iziq.com, In domain validation: imgfv.com, Out domain validation: imgmg.com
Epoch: 31, Train Loss: 31.7247, Val Loss: 27.6950, In domain: nucleus.com, Out domain: cunueus.com, In domain validation: lampa.ru, Out domain validation: mpapa.au
Epoch: 32, Train Loss: 31.6796, Val Loss: 27.6582, In domain: ewmb.de, Out domain: wmd.de, In domain validation: virgool.io, Out domain validation: virgrgi.io
Epoch: 33, Train Loss: 31.7650, Val Loss: 27.7255, In domain: sdb.lk, Out domain: sdb.lk, In domain validation: gb-dtg.co.uk, Out domain validation: gb-btg.co.uk
Epoch: 34, Train Loss: 31.9260, Val Loss: 27.6950, In domain: onmarket.hol.es, Out domain: onoaekeh.tol.ls, In domain validation: reshunov.ru, Out domain validation: reshohot.ru
Epoch: 35, Train Loss: 31.8528, Val Loss: 27.6998, In domain: six-strings.de, Out domain: six-x-rgngs.de, In domain validation: storepick.kr, Out domain validation: ororipeck.kr
Epoch: 36, Train Loss: 31.7124, Val Loss: 27.4958, In domain: avenue114.com, Out domain: avene44e4.com, In domain validation: fitmomdailymag.com, Out domain validation: fitmomiacaygag.com
Epoch: 37, Train Loss: 31.5568, Val Loss: 27.5686, In domain: planetmobile.net, Out domain: alaleoetlibi.net, In domain validation: laminatschneider.info, Out domain validation: lalilststenended.iofo
Epoch: 38, Train Loss: 31.7464, Val Loss: 27.5174, In domain: topdom.info, Out domain: totmdd.iofo, In domain validation: stolicaprava.ru, Out domain validation: otoliliapapa.ru
Epoch: 39, Train Loss: 31.8198, Val Loss: 27.6564, In domain: nyme.hu, Out domain: oyoe.hu, In domain validation: chinesetolearn.com, Out domain validation: ahenenelelrara.com
Epoch: 40, Train Loss: 31.6275, Val Loss: 27.5881, In domain: superbuytires.com, Out domain: sepupyubuises.com, In domain validation: impactacross.com, Out domain validation: iapabtatmooo.com
Epoch: 41, Train Loss: 31.6389, Val Loss: 27.5786, In domain: koha.org, Out domain: iaia.org, In domain validation: certificationkits.com, Out domain validation: aeitidadatntitits.com
Epoch: 42, Train Loss: 31.5376, Val Loss: 27.5531, In domain: naughtygirlhorny.com, Out domain: gugytytlrlrnyny.com, In domain validation: uncm08.com, Out domain validation: uncmc8.com
Epoch: 43, Train Loss: 31.6643, Val Loss: 27.4984, In domain: projecthotmess.com, Out domain: rrmjejototmems.com, In domain validation: celoxis.com, Out domain validation: aelixis.com
Epoch: 44, Train Loss: 31.7421, Val Loss: 27.5380, In domain: jitusaja.com, Out domain: aijisasa.com, In domain validation: mestogames.com, Out domain validation: mesgotcmes.com
Epoch: 45, Train Loss: 31.6367, Val Loss: 27.4948, In domain: gptkk.org, Out domain: gptpt.org, In domain validation: chwld.ir, Out domain validation: ahwld.ir
Epoch: 46, Train Loss: 31.4969, Val Loss: 27.4325, In domain: kpoprepublic.com, Out domain: kpoppupuicic.com, In domain validation: 92caouu.com, Out domain validation: 2c29aoao.com
Epoch: 47, Train Loss: 31.5392, Val Loss: 27.4224, In domain: golovnie-boli.com, Out domain: golove-n-bibo.com, In domain validation: isbnmillion.com, Out domain validation: bsiililhihi.com
Epoch: 48, Train Loss: 31.6653, Val Loss: 27.4579, In domain: carclub365.com, Out domain: alurub3b5.com, In domain validation: ridewill.it, Out domain validation: rirglgll.it
Epoch: 49, Train Loss: 31.6356, Val Loss: 27.4880, In domain: hannover-airport.de, Out domain: hahvevoa-r-oport.de, In domain validation: e4e.org, Out domain validation: ebe.org
Epoch: 50, Train Loss: 31.6465, Val Loss: 27.6146, In domain: site-directory.ir, Out domain: si-e-ririctcty.ir, In domain validation: game-game.com.ua, Out domain validation: mamaamage.com.ua
Epoch: 51, Train Loss: 31.6200, Val Loss: 27.5203, In domain: frontizw.gr, Out domain: rfrontitw.wr, In domain validation: nedraexpert.ru, Out domain validation: neaearxperr.ru
Epoch: 52, Train Loss: 31.5693, Val Loss: 27.4955, In domain: datefinder.com, Out domain: datitinrnr.com, In domain validation: japaneseporn18.com, Out domain validation: anenesesern18.com
Epoch: 53, Train Loss: 31.5028, Val Loss: 27.4863, In domain: monline2.tk, Out domain: mnmnenet.tk, In domain validation: himik.pro, Out domain validation: hiifi.opo
Epoch: 54, Train Loss: 31.5489, Val Loss: 27.5518, In domain: fastenal.com, Out domain: sastelal.com, In domain validation: nametestscript.com, Out domain validation: nametebtscriri.com
Epoch: 55, Train Loss: 31.4896, Val Loss: 27.4577, In domain: emetechnologies.com, Out domain: methehnonoeies.com, In domain validation: instaff.jobs, Out domain validation: ininafa.jors
Epoch: 56, Train Loss: 31.4443, Val Loss: 27.4757, In domain: memoirehornbill.com, Out domain: emrioirohobili.com, In domain validation: looyoung.com, Out domain validation: lolooumg.com
Epoch: 57, Train Loss: 31.5486, Val Loss: 27.4361, In domain: raktarkiarusitas.hu, Out domain: rarraraiuiutatah.hu, In domain validation: katsaylidi.ru, Out domain validation: ksasaydili.ru
Epoch: 58, Train Loss: 31.6813, Val Loss: 27.4657, In domain: pobierz-pc-gry.pl, Out domain: pboe-z-zercry.pl, In domain validation: jepang18.com, Out domain validation: pejeng18.com
Epoch: 59, Train Loss: 31.7324, Val Loss: 27.5843, In domain: countymusic.co.uk, Out domain: bououusysic.co.uk, In domain validation: phantomjs.org, Out domain validation: phanajojs.org
Epoch: 60, Train Loss: 31.5262, Val Loss: 27.4098, In domain: animeforall.net, Out domain: inadeoerara.net, In domain validation: unza.zm, Out domain validation: unua.zm
Epoch: 61, Train Loss: 31.7618, Val Loss: 27.5111, In domain: kasidaily.co.za, Out domain: kasaiaily.co.za, In domain validation: laroche-posay.co.uk, Out domain validation: lalhchc-popyc.co.uk
Epoch: 62, Train Loss: 31.4827, Val Loss: 27.4510, In domain: sweetcold.ru, Out domain: swswtltcd.ru, In domain validation: reflection-training.mihanblog.com, Out domain validation: cleltoionrn-niailg.gananbgbe.com
Epoch: 63, Train Loss: 31.6912, Val Loss: 27.4366, In domain: zeitgeistasia.wordpress.com, Out domain: ezeztitiatia.wopdrrers.com, In domain validation: iseenlab.com, Out domain validation: eeisbab.com
Epoch: 64, Train Loss: 31.7736, Val Loss: 27.6370, In domain: ts3a.com, Out domain: ta3s.com, In domain validation: aglocoptr.com, Out domain validation: aecectror.com
Epoch: 65, Train Loss: 31.7358, Val Loss: 27.6323, In domain: glori.co.kr, Out domain: glgri.ck.kr, In domain validation: zohradating.com, Out domain validation: hohdadating.com
Epoch: 66, Train Loss: 31.5982, Val Loss: 27.5462, In domain: empreintesucree.fr, Out domain: emeieiesntuercg.gr, In domain validation: jaguarzambia.com, Out domain validation: gajazrzrmamc.com
Epoch: 67, Train Loss: 31.7338, Val Loss: 27.5781, In domain: ikc.edu.tr, Out domain: ic.cds.tr, In domain validation: ccsecotours.com, Out domain validation: basccetosos.com
Epoch: 68, Train Loss: 31.4320, Val Loss: 27.5291, In domain: physiqueacademy.co.uk, Out domain: psysysueadedemy.co.uk, In domain validation: forwinstock.com.tw, Out domain validation: foininocock.com.tu
Epoch: 69, Train Loss: 31.5704, Val Loss: 27.5303, In domain: celebritypornphoto.com, Out domain: elelrytitororhoho.com, In domain validation: wow-kow.com, Out domain validation: ow-kok.com
Epoch: 70, Train Loss: 31.4899, Val Loss: 27.4865, In domain: gudangsiki.com, Out domain: gunanasisi.com, In domain validation: bhaklol.com, Out domain validation: chcklkl.com
Epoch: 71, Train Loss: 31.5995, Val Loss: 27.5052, In domain: 1more.com, Out domain: 1rere.com, In domain validation: pwo.su, Out domain validation: pwo.su
Epoch: 72, Train Loss: 31.5074, Val Loss: 27.5738, In domain: loux.ir, Out domain: yux.ir, In domain validation: origins.org.ua, Out domain validation: origigo.ora.aa
Epoch: 73, Train Loss: 31.4914, Val Loss: 27.4681, In domain: coloringsuite.com, Out domain: aororgninuete.com, In domain validation: cepmuzikindir.com, Out domain validation: aepepzizindid.com
Epoch: 74, Train Loss: 31.5408, Val Loss: 27.5056, In domain: bellaandre.com, Out domain: elalandrd.com, In domain validation: gtek.org.uk, Out domain validation: tgkrkrg.uk
Epoch: 75, Train Loss: 31.5742, Val Loss: 27.4986, In domain: noitaonlus.com, Out domain: oataoulus.com, In domain validation: freexxxstuff.org, Out domain validation: deerxsxstftf.org
Epoch: 76, Train Loss: 31.5637, Val Loss: 27.4620, In domain: arbitr.gov.ua, Out domain: arbibr.gou.ua, In domain validation: indrumari-juridice.eu, Out domain validation: inunumami-jujgdice.eu
Epoch: 77, Train Loss: 31.8992, Val Loss: 27.9046, In domain: novogodnij-ru.ru, Out domain: vvogngo-j-jr.ru, In domain validation: gerentedemediado.blogspot.com, Out domain validation: genendetememeodo.blogspot.com
Epoch: 78, Train Loss: 31.6395, Val Loss: 27.7988, In domain: erketai.org, Out domain: ereaiei.org, In domain validation: file-debrid.com, Out domain validation: fifd-d-bbid.com
Epoch: 79, Train Loss: 31.4496, Val Loss: 27.4915, In domain: charteko.com, Out domain: arahkoko.com, In domain validation: deeneilm.blogspot.com, Out domain validation: dnenili.blogspot.com
Epoch: 80, Train Loss: 31.5888, Val Loss: 27.4410, In domain: camsexlives.com, Out domain: cmxlxeives.com, In domain validation: yegizewkal.com, Out domain validation: yezezewlak.com
Epoch: 81, Train Loss: 31.3504, Val Loss: 27.4309, In domain: texnotropieskaidiakosmisi.com, Out domain: tgxextrtosesediaimsakmimi.com, In domain validation: webcandoo.com, Out domain validation: wbaecndnd.com
Epoch: 82, Train Loss: 31.3993, Val Loss: 27.4219, In domain: propertyforum.com, Out domain: ppepoyfyfurur.com, In domain validation: filmlla.com, Out domain validation: ilaama.com
Epoch: 83, Train Loss: 31.3486, Val Loss: 27.4142, In domain: mariecuriealumni.eu, Out domain: mrmcuiueirimloue.eu, In domain validation: 0xwarriors.com, Out domain validation: 0xwawaiois.com
Epoch: 84, Train Loss: 31.3871, Val Loss: 27.3947, In domain: flaconi.de, Out domain: floccni.ie, In domain validation: vozdyx.ru, Out domain validation: vo0d0x.ru
Epoch: 85, Train Loss: 31.8173, Val Loss: 27.7594, In domain: iranupvc.co, Out domain: aranwnwc.co, In domain validation: fab-a-porter.com, Out domain validation: bab-aoaoerer.com
Epoch: 86, Train Loss: 31.6517, Val Loss: 27.7586, In domain: sirim.my, Out domain: riric.my, In domain validation: rvindustrialtrainingchandigarh.in, Out domain validation: hvpmorsusltltinineaianahaigiro.ih
Epoch: 87, Train Loss: 31.8118, Val Loss: 27.7008, In domain: spinlock.co.uk, Out domain: spkooo.k.co.uk, In domain validation: techinexpert.com, Out domain validation: tethinenpeet.com
Epoch: 88, Train Loss: 31.6649, Val Loss: 27.6750, In domain: kujiale.com, Out domain: ukiale.com, In domain validation: zachem.com.ua, Out domain validation: hchec.com.ua
Epoch: 89, Train Loss: 31.7239, Val Loss: 27.6691, In domain: fofanov.pro, Out domain: ofavav.opo, In domain validation: andhralekha.com, Out domain validation: andalalekha.com
Epoch: 90, Train Loss: 31.5075, Val Loss: 27.6297, In domain: advokat343.ru, Out domain: amkdva4t43.ru, In domain validation: aidsrehberi.com, Out domain validation: dbdshehbiri.com
Epoch: 91, Train Loss: 31.5361, Val Loss: 27.6602, In domain: searchbind.net, Out domain: searahbdbi.net, In domain validation: s-forum.biz, Out domain validation: f-sumum.biz
Epoch: 92, Train Loss: 31.5417, Val Loss: 27.6574, In domain: axxesslocal.co.za, Out domain: axsesslsclc.co.za, In domain validation: shangoni.co.za, Out domain validation: shaoaoni.co.za
Epoch: 93, Train Loss: 31.4869, Val Loss: 27.5771, In domain: imlbounceback.com, Out domain: ilococnunak.com, In domain validation: gaffneyfoods.com, Out domain validation: fafndnfdods.com
Epoch: 94, Train Loss: 31.5585, Val Loss: 27.5912, In domain: passdiy.com, Out domain: apiysy.com, In domain validation: skiline.ru, Out domain validation: skilile.ru
Epoch: 95, Train Loss: 31.5685, Val Loss: 27.6055, In domain: mardelplata.gob.ar, Out domain: marlrlrtata.goa.ar, In domain validation: kbdi.ir, Out domain validation: dbdi.ir
Epoch: 96, Train Loss: 31.4902, Val Loss: 27.6306, In domain: mexat.com, Out domain: metex.com, In domain validation: crazybike.ru, Out domain validation: azazybyke.eu
Epoch: 97, Train Loss: 31.5043, Val Loss: 27.5722, In domain: ghurka.com, Out domain: ghkrua.com, In domain validation: freejobcorner.blogspot.com, Out domain validation: fraeoeoroanen.blogspot.com
Epoch: 98, Train Loss: 31.4008, Val Loss: 27.5832, In domain: meteox.de, Out domain: meoetx.de, In domain validation: chlin.com.tw, Out domain validation: chlhc.com.tu
Epoch: 99, Train Loss: 31.3728, Val Loss: 27.5741, In domain: smssound.ru, Out domain: smssnuod.ru, In domain validation: millstreambrewing.com, Out domain validation: milisertrmbmbngng.com
Epoch: 100, Train Loss: 31.4567, Val Loss: 27.5886, In domain: vicioushotdogsnoho.com, Out domain: vicucustoheogshoho.com, In domain validation: sepahansaghf.com, Out domain validation: aeaehahsafaf.com
Epoch: 101, Train Loss: 31.4588, Val Loss: 27.5353, In domain: ja.is, Out domain: ja.is, In domain validation: schulichcareerboard.ca, Out domain validation: sslilicaahereecoard.da
Epoch: 102, Train Loss: 31.4208, Val Loss: 27.5486, In domain: japaneseknifeimports.com, Out domain: papaseneififopoportr.com, In domain validation: anninuyasha.blogspot.com, Out domain validation: aiaiyuuashs.blogspot.com
Epoch: 103, Train Loss: 31.4208, Val Loss: 27.5662, In domain: egglesscooking.com, Out domain: ggelessoconing.com, In domain validation: choosinascope.info, Out domain validation: ahsioisanaeoe.iofo
Epoch: 104, Train Loss: 31.6575, Val Loss: 27.6281, In domain: leipzig-leben.de, Out domain: ipneg-g-beben.ne, In domain validation: upcmhelpline1076.in, Out domain validation: uucehchilple1016.in
Epoch: 105, Train Loss: 31.4239, Val Loss: 27.5138, In domain: raafng.com, Out domain: raagng.com, In domain validation: muabancf.com, Out domain validation: bmuanan.com
Epoch: 106, Train Loss: 31.3964, Val Loss: 27.5111, In domain: elrincondelosrecuerdos4.blogspot.com, Out domain: ctghlpaodecoererrud4s4.blogspot.com, In domain validation: altinkaynak.com, Out domain validation: altiaiaakak.com
Epoch: 107, Train Loss: 31.3742, Val Loss: 27.4274, In domain: magyarkesek.hu, Out domain: magrarkesek.iu, In domain validation: ticktick.com, Out domain validation: ctciciti.com
Epoch: 108, Train Loss: 31.4473, Val Loss: 27.4906, In domain: norrbottensmusiken.se, Out domain: nororoeoeosmusisen.se, In domain validation: blackpass.bz, Out domain validation: cckpass.sz
Epoch: 109, Train Loss: 31.3454, Val Loss: 27.5509, In domain: trekmovie.com, Out domain: tkmreoeie.com, In domain validation: eaglecampertrailers.com.au, Out domain validation: eaelelpepertraelirs.com.au
Epoch: 110, Train Loss: 31.4107, Val Loss: 27.4589, In domain: vevey-basket.ch, Out domain: evey-yaekst.ch, In domain validation: gkluk.com, Out domain validation: gukul.com
Epoch: 111, Train Loss: 31.4425, Val Loss: 27.4566, In domain: reliablesoft.net, Out domain: lerelelesost.net, In domain validation: fotoshare.co, Out domain validation: fofoahahe.eo
Epoch: 112, Train Loss: 31.3979, Val Loss: 27.4889, In domain: all-voprosi.ru, Out domain: lv-v-oposi.ru, In domain validation: happysappliances.com, Out domain validation: hahaysysiaiaecec.com
Epoch: 113, Train Loss: 31.3345, Val Loss: 27.4902, In domain: ecodis.fr, Out domain: ecidof.fr, In domain validation: designbuildweb.co, Out domain validation: daeisubnilelec.co
Epoch: 114, Train Loss: 31.3802, Val Loss: 27.4502, In domain: miraes.ru, Out domain: marirs.su, In domain validation: tapphelu.com, Out domain validation: tatalele.com
Epoch: 115, Train Loss: 31.4177, Val Loss: 27.4435, In domain: racing.com, Out domain: raning.com, In domain validation: bonyadonline.com, Out domain validation: ocoadanlele.com
Epoch: 116, Train Loss: 31.4181, Val Loss: 27.4712, In domain: nporadio5.nl, Out domain: trtridao5.nl, In domain validation: karty-mira.su, Out domain validation: karayimima.su
Epoch: 117, Train Loss: 31.3503, Val Loss: 27.4650, In domain: hiroom2.com, Out domain: rih2omo.com, In domain validation: rolfstone.com, Out domain validation: rflfstete.com
Epoch: 118, Train Loss: 31.2186, Val Loss: 27.4303, In domain: lr-online.de, Out domain: -o-oilind.de, In domain validation: astro-urseanu.ro, Out domain validation: trtsororanseo.ru
Epoch: 119, Train Loss: 31.2624, Val Loss: 27.4186, In domain: jaybela.com, Out domain: yaylele.com, In domain validation: efaltirio.wordpress.com, Out domain validation: edeirlrio.wordrrers.com
Epoch: 120, Train Loss: 31.2895, Val Loss: 27.4411, In domain: cstrike.top, Out domain: cstrere.tot, In domain validation: inomak.com, Out domain validation: inakak.com
Epoch: 121, Train Loss: 31.3879, Val Loss: 27.4334, In domain: gadgetsadviser.com, Out domain: gadgdtsadviees.com, In domain validation: hackandslash.com, Out domain validation: hahkandslala.com
Epoch: 122, Train Loss: 31.2453, Val Loss: 27.3986, In domain: aiepvirtual.cl, Out domain: iaigivirarac.cl, In domain validation: infinitinews.com, Out domain validation: fifininiwene.com
Epoch: 123, Train Loss: 31.3115, Val Loss: 27.4197, In domain: idealhome.su, Out domain: iaidlmlms.eu, In domain validation: mcqspoint.com, Out domain validation: mcqcpnioi.com
Epoch: 124, Train Loss: 31.4040, Val Loss: 27.4232, In domain: dariushgroup.com, Out domain: diriugusuouo.com, In domain validation: univ-nktt.yolasite.com, Out domain validation: unininktktyolosite.com
Epoch: 125, Train Loss: 31.3416, Val Loss: 27.4641, In domain: chromecow.com, Out domain: chrhrowow.com, In domain validation: acmo.org, Out domain validation: kcac.org
Epoch: 126, Train Loss: 31.3567, Val Loss: 27.4133, In domain: decor-eshop.cz, Out domain: dec-cohseop.cz, In domain validation: emilyeveryday.co, Out domain validation: ememveyeraday.co
Epoch: 127, Train Loss: 31.2975, Val Loss: 27.3936, In domain: rzrv.ir, Out domain: rzrt.ir, In domain validation: uhughed.club, Out domain validation: ugugheheblul
Epoch: 128, Train Loss: 31.3020, Val Loss: 27.3871, In domain: rgscoir.com, Out domain: gscrir.com, In domain validation: niazkade.ir, Out domain validation: ainakade.er
Epoch: 129, Train Loss: 31.2738, Val Loss: 27.3971, In domain: teencoin.com, Out domain: tntncnin.com, In domain validation: nute.edu.vn, Out domain validation: nntd.edv.vn
Epoch: 130, Train Loss: 31.2440, Val Loss: 27.3911, In domain: fauxid.com, Out domain: fawdix.com, In domain validation: lacasadefelipe.com, Out domain validation: llcasadededede.com
Epoch: 131, Train Loss: 31.2895, Val Loss: 27.4332, In domain: gcet.edu.om, Out domain: gagt.tdu.um, In domain validation: christof.com, Out domain validation: chrhofot.com
Epoch: 132, Train Loss: 32.2653, Val Loss: 28.0613, In domain: bigibiz.com, Out domain: bgeibib.com, In domain validation: job-search.online, Out domain validation: jos-seaeah.h.nene
Epoch: 133, Train Loss: 31.7993, Val Loss: 27.8008, In domain: klaster-plus.ua, Out domain: klkerer-u-uu.ua, In domain validation: optmagazin.com, Out domain validation: optgagazin.com
Epoch: 134, Train Loss: 31.8635, Val Loss: 27.8060, In domain: aventour-madagascar.com, Out domain: eveonnur-r-eagaarar.com, In domain validation: goml.ml, Out domain validation: ogc.ml
Epoch: 135, Train Loss: 31.8760, Val Loss: 27.8171, In domain: thegrownetwork.com, Out domain: thpgroetetwkwo.com, In domain validation: kdrakorshow.com, Out domain validation: drmkakohow.com
Epoch: 136, Train Loss: 31.6446, Val Loss: 27.6962, In domain: iptvembed.net, Out domain: irtrembmb.net, In domain validation: colonialfirststate.com.au, Out domain validation: bllmlifiairiratste.com.au
Epoch: 137, Train Loss: 31.6997, Val Loss: 27.7442, In domain: xproevents.com, Out domain: xprvevents.com, In domain validation: japanesesexhd.com, Out domain validation: jananeeeshdhx.com
Epoch: 138, Train Loss: 31.5742, Val Loss: 27.6725, In domain: greenkidedu.com, Out domain: grgeieidude.com, In domain validation: talsmafurniture.com, Out domain validation: ltlsfsfninirure.com
Epoch: 139, Train Loss: 31.6971, Val Loss: 27.7255, In domain: youarenotsosmart.com, Out domain: youorerotstsmtra.com, In domain validation: giffarine.com, Out domain validation: gifianire.com
Epoch: 140, Train Loss: 31.7583, Val Loss: 27.8559, In domain: joseph101.com, Out domain: josesh101.com, In domain validation: shqip-ani.me, Out domain validation: sisiana-i.me
Epoch: 141, Train Loss: 31.6690, Val Loss: 27.7077, In domain: hostimm.eu, Out domain: oitite.su, In domain validation: theeaglebus.com, Out domain validation: htglgaebes.com
Epoch: 142, Train Loss: 31.5465, Val Loss: 27.6765, In domain: nyidanmark.dk, Out domain: ndiyaarard.dk, In domain validation: efaltirio.wordpress.com, Out domain validation: egelririo.wopdprere.com
Epoch: 143, Train Loss: 31.4671, Val Loss: 27.5813, In domain: lifetimedaily.com, Out domain: ldtitididaily.com, In domain validation: bitru.org, Out domain validation: itru.org
Epoch: 144, Train Loss: 31.6045, Val Loss: 27.7562, In domain: timercountdown.net, Out domain: tiremetntuwodo.net, In domain validation: energy941.com, Out domain validation: enere0009.com
Epoch: 145, Train Loss: 31.4288, Val Loss: 27.5331, In domain: trainingbible.com, Out domain: trninebiniele.com, In domain validation: placenzaexistenci.cz, Out domain validation: papleanaesistencc.cz
Epoch: 146, Train Loss: 31.7520, Val Loss: 27.8029, In domain: sgbudgetbabe.com, Out domain: susudgdtece.com, In domain validation: sewmodernbags.com, Out domain validation: seoewrnrebabs.com
Epoch: 147, Train Loss: 31.6347, Val Loss: 27.7514, In domain: maverickgarces.com, Out domain: maririeieieces.com, In domain validation: alarabpost.com, Out domain validation: albbarsoot.com
Epoch: 148, Train Loss: 31.6358, Val Loss: 27.6041, In domain: bdjujuy.gob.ar, Out domain: djujug.goa.r, In domain validation: satsis.org, Out domain validation: saisis.org
Epoch: 149, Train Loss: 31.5071, Val Loss: 27.7030, In domain: itenotes.blogspot.com, Out domain: tetoset.blogspot.com, In domain validation: ooredoo.com.mm, Out domain validation: oieroc.com.mm
Epoch: 150, Train Loss: 31.8964, Val Loss: 27.8464, In domain: alia.org.au, Out domain: ilaa.org.au, In domain validation: teatenerife.es, Out domain validation: eteanenerire.es
Epoch: 151, Train Loss: 31.5752, Val Loss: 27.6678, In domain: kukd.com, Out domain: kukd.com, In domain validation: redeemerdelft.nl, Out domain validation: dedeememdelet.tl
Epoch: 152, Train Loss: 31.6584, Val Loss: 27.7115, In domain: tawdifwa3amaladrar.blogspot.com, Out domain: ndwyw2maadldlrar.blogspot.com, In domain validation: prostatanonseisolo.it, Out domain validation: paostananseseiloso.it
Epoch: 153, Train Loss: 31.6113, Val Loss: 27.7567, In domain: arden.ac.uk, Out domain: arden.ac.uk, In domain validation: pess.co.in, Out domain validation: pess.ci.in
Epoch: 154, Train Loss: 31.5036, Val Loss: 27.6027, In domain: gmzaustin.org, Out domain: gmzausnin.org, In domain validation: nextron.pl, Out domain validation: derotop.pl
Epoch: 155, Train Loss: 31.6771, Val Loss: 27.5681, In domain: furnitureclearancenc.com, Out domain: rufuirirleleararnene.com, In domain validation: rfsag.ca, Out domain validation: arhfe.ea
Epoch: 156, Train Loss: 31.7494, Val Loss: 27.7144, In domain: hndnews.com, Out domain: dndwews.com, In domain validation: cregasia.com, Out domain validation: cgcriaia.com
Epoch: 157, Train Loss: 31.6651, Val Loss: 27.6707, In domain: ssk-bad-sachsa.de, Out domain: ssk-kad-shchsa.de, In domain validation: paytvcard.ch, Out domain validation: rtatvcarc.ch
Epoch: 158, Train Loss: 31.6145, Val Loss: 27.6496, In domain: lovestorythai.blogspot.com, Out domain: mostseorotiai.blogspot.com, In domain validation: ijodst.com, Out domain validation: mjodod.com
Epoch: 159, Train Loss: 31.7627, Val Loss: 27.7643, In domain: acscourier.net, Out domain: ccsuoueier.net, In domain validation: book.tmall.com, Out domain validation: cook.taama.com
Epoch: 160, Train Loss: 31.7167, Val Loss: 27.6553, In domain: dailyrecord.co.uk, Out domain: dlilycecord.co.uk, In domain validation: rua.edu.kh, Out domain validation: rua.e.u.kh
Epoch: 161, Train Loss: 31.7167, Val Loss: 27.6780, In domain: xmas.lidl, Out domain: xmas.dkdl, In domain validation: guncel-egitim.org, Out domain validation: gunuelgl-imim.org
Epoch: 162, Train Loss: 31.6927, Val Loss: 27.6644, In domain: yify-subs.com, Out domain: yify-bubs.com, In domain validation: highlytunedathletes.com.au, Out domain validation: gfeynynetethdhlelec.com.au
Epoch: 163, Train Loss: 31.4856, Val Loss: 27.5725, In domain: oneoffice.com.vn, Out domain: oeencfifc.coo.vn, In domain validation: nvebs.com, Out domain validation: nbets.com
Epoch: 164, Train Loss: 31.6642, Val Loss: 27.6163, In domain: sveta.tv, Out domain: aveva.av, In domain validation: alutal.com.ua, Out domain validation: alalac.com.ua
Epoch: 165, Train Loss: 31.5770, Val Loss: 27.5959, In domain: thinkingpoker.net, Out domain: tnihigngnmrek.net, In domain validation: thekey.company, Out domain validation: theyekmc.cnypy
Epoch: 166, Train Loss: 31.6123, Val Loss: 27.6325, In domain: residencestyle.com, Out domain: resiseecnstyle.com, In domain validation: exenior.com, Out domain validation: exenini.com
Epoch: 167, Train Loss: 31.6002, Val Loss: 27.4739, In domain: salaficentre.com, Out domain: lasacigintre.com, In domain validation: sibazar.ir, Out domain validation: siazai.ir
Epoch: 168, Train Loss: 31.4868, Val Loss: 27.5376, In domain: harianpapuanews.com, Out domain: haripnpuauanews.com, In domain validation: thedressbank.com, Out domain validation: tdtdrersack.com
Epoch: 169, Train Loss: 31.6565, Val Loss: 27.5982, In domain: igraonika.com, Out domain: igraonina.com, In domain validation: tonkinfiat.com, Out domain validation: toililfiai.com
Epoch: 170, Train Loss: 31.5445, Val Loss: 27.5907, In domain: 18p2p.cz, Out domain: 48p2..cz, In domain validation: kiliskulturturizm.gov.tr, Out domain validation: liikmlarrtizirg.gov.vr
Epoch: 171, Train Loss: 31.5593, Val Loss: 27.5829, In domain: gianhangxanh.com, Out domain: gngingnaxanh.com, In domain validation: waterfilterforfridge.com.au, Out domain validation: titdieieretafroreri1.com.au
Epoch: 172, Train Loss: 31.5741, Val Loss: 27.5259, In domain: z-laya.livejournal.com, Out domain: z-laya.livejournan.com, In domain validation: orderup.com, Out domain validation: oroepup.com
Epoch: 173, Train Loss: 31.5307, Val Loss: 27.5857, In domain: sacksfashion.com, Out domain: skskafasoioi.com, In domain validation: experimentaldata.tumblr.com, Out domain validation: yeaeimerentnldltc.tumblr.com
Epoch: 174, Train Loss: 31.4232, Val Loss: 27.5064, In domain: ecoevoblog.com, Out domain: ecvovoblog.com, In domain validation: kazniiporno.blogspot.com, Out domain validation: kazahipornr.blogrpot.com
Epoch: 175, Train Loss: 31.5576, Val Loss: 27.5523, In domain: thomascooksport.com, Out domain: thosamaksksrtro.com, In domain validation: goldberg.net, Out domain validation: gdedbebe.net
Epoch: 176, Train Loss: 31.6050, Val Loss: 27.6041, In domain: atmfranchiseopportunity.com, Out domain: aaafnfncsaheoeooroutiny.com, In domain validation: bagsurb.ru, Out domain validation: cagsgsb.ru
Epoch: 177, Train Loss: 31.4404, Val Loss: 27.5411, In domain: poliglot16.ru, Out domain: piligtot15.ru, In domain validation: preco.de, Out domain validation: ececo.de
Epoch: 178, Train Loss: 31.4792, Val Loss: 27.5285, In domain: airbnb.com.co, Out domain: abnbnc.coo.cm, In domain validation: mickeykung.wordpress.com, Out domain validation: imikueung.wordrress.com
Epoch: 179, Train Loss: 31.4661, Val Loss: 27.5153, In domain: altus-immobilier.fr, Out domain: tltui-sobobilief.fr, In domain validation: ingkomora.org.rs, Out domain validation: gigimrora.org.gs
Epoch: 180, Train Loss: 31.4045, Val Loss: 27.5383, In domain: boooh.ru, Out domain: bobor.ru, In domain validation: raycom.sharepoint.com, Out domain validation: raoaomhshepapoint.com
Epoch: 181, Train Loss: 31.3855, Val Loss: 27.4815, In domain: salvadornunezshop.myshopify.com, Out domain: atscovornunehshsp.phshopyfi.com, In domain validation: sovetus.com, Out domain validation: sosetes.com
Epoch: 182, Train Loss: 31.3261, Val Loss: 27.4866, In domain: dathangtrungquoc.com.vn, Out domain: tdthgngantnuqgoc.cov.vn, In domain validation: abracomundo.com, Out domain validation: racacacundo.com
Epoch: 183, Train Loss: 31.4020, Val Loss: 27.4956, In domain: mcoupono.com, Out domain: ocoupopo.com, In domain validation: warnerbros.co.jp, Out domain validation: rnrabrbros.co.jp
Epoch: 184, Train Loss: 31.4573, Val Loss: 27.4669, In domain: simdacloud.id, Out domain: imiacucui.id, In domain validation: dulichbui24.com, Out domain validation: ludbhhcuiui.com
Epoch: 185, Train Loss: 31.3710, Val Loss: 27.4666, In domain: casaterrecomuni.it, Out domain: bcteseererlmumi.it, In domain validation: macedoniabapt.org, Out domain validation: mcdcdiniactct.org
Epoch: 186, Train Loss: 31.3632, Val Loss: 27.4673, In domain: lemonbrat.com, Out domain: lelolarbt.com, In domain validation: diskool.com, Out domain validation: disklon.com
Epoch: 187, Train Loss: 31.4214, Val Loss: 27.4883, In domain: thealar.com, Out domain: ehearal.com, In domain validation: p-s-b.com, Out domain validation: p-b-s.com
Epoch: 188, Train Loss: 31.3439, Val Loss: 27.4481, In domain: masirhost.ir, Out domain: masiohoht.ir, In domain validation: rccrawler.com, Out domain validation: rpapawlel.com
Epoch: 189, Train Loss: 31.3498, Val Loss: 27.4531, In domain: ohoporn.com, Out domain: ohonroo.com, In domain validation: venciendolaimpotenciaya.com, Out domain validation: eaveiendadapoimtetciaya.com
Epoch: 190, Train Loss: 31.3951, Val Loss: 27.4475, In domain: clubinka.org, Out domain: ulubiaia.org, In domain validation: themockup.club, Out domain validation: thececkuk.ubub
Epoch: 191, Train Loss: 31.5270, Val Loss: 27.4420, In domain: amlfbokra.weebly.com, Out domain: lflfkrkra.welbly.com, In domain validation: vesti.kg, Out domain validation: wtsei.ig
Epoch: 192, Train Loss: 31.3874, Val Loss: 27.4876, In domain: laptopleson.vn, Out domain: laqtotsesev.vn, In domain validation: myeecu.org, Out domain validation: mycecu.org
Epoch: 193, Train Loss: 31.4165, Val Loss: 27.4394, In domain: balladd.com, Out domain: allald.com, In domain validation: sscaitournament.com, Out domain validation: sctitonanamemt.com
Epoch: 194, Train Loss: 31.3800, Val Loss: 27.4427, In domain: azarparto.com, Out domain: azpzparto.com, In domain validation: misas.org, Out domain validation: misas.org
Epoch: 195, Train Loss: 31.3408, Val Loss: 27.4460, In domain: bangbros-free.com, Out domain: cgcgnsor-grge.com, In domain validation: 7ravioli.com, Out domain validation: arariolo.com
Epoch: 196, Train Loss: 31.2948, Val Loss: 27.4172, In domain: vccircle.com, Out domain: vivirele.com, In domain validation: yoshikiito.net, Out domain validation: yoshkhiito.net
Epoch: 197, Train Loss: 31.3694, Val Loss: 27.4265, In domain: software-couponcode.com, Out domain: fosvwtreoeounoncode.com, In domain validation: apologeticspress.org, Out domain validation: olalmtoeicicrers.org
Epoch: 198, Train Loss: 31.3175, Val Loss: 27.4257, In domain: pornohub.bid, Out domain: nrroohuh.did, In domain validation: unblockaccess.com, Out domain validation: ucmloakckcecs.com
Epoch: 199, Train Loss: 31.2660, Val Loss: 27.4468, In domain: adventistas.com, Out domain: dvdveitiasat.com, In domain validation: resursemuzicale.com, Out domain validation: resuesemuzilale.com
Epoch: 200, Train Loss: 31.3214, Val Loss: 27.4725, In domain: sahiel.gr, Out domain: sahahl.gg, In domain validation: fedupwithyourliesandcheating.com, Out domain validation: wpgn2titsuouieiesandeaeaningacom
Epoch: 201, Train Loss: 31.3630, Val Loss: 27.4594, In domain: iprim.ru, Out domain: ppkim.ru, In domain validation: kemalbalikcilik.com, Out domain validation: kekblallclciiil.com
Epoch: 202, Train Loss: 31.2967, Val Loss: 27.3777, In domain: yuppies.com.pk, Out domain: uieies.com.pk, In domain validation: baijob.com, Out domain validation: caojob.com
Epoch: 203, Train Loss: 31.4149, Val Loss: 27.4704, In domain: postoast.com, Out domain: stsooaot.com, In domain validation: branddesign.studio, Out domain validation: sradadesisntn.iouo
Epoch: 204, Train Loss: 31.2740, Val Loss: 27.3949, In domain: ipega.hk, Out domain: ipipa.ki, In domain validation: seidel-przywecki.pl, Out domain validation: ieil-lexrxrwecei.pl
Epoch: 205, Train Loss: 31.3198, Val Loss: 27.4114, In domain: songyunseop.github.io, Out domain: sgygyseueogopitiub.io, In domain validation: prepaidtravelsim.com.au, Out domain validation: eaepaidarargislc.com.au
Epoch: 206, Train Loss: 31.3714, Val Loss: 27.4141, In domain: salfeld.de, Out domain: saofglm.de, In domain validation: lightoj.com, Out domain validation: gggojot.com
Epoch: 207, Train Loss: 31.3140, Val Loss: 27.4001, In domain: insiderdiva.com, Out domain: nsiriddavi.com, In domain validation: drpavlou.org, Out domain validation: dadaolol.org
Epoch: 208, Train Loss: 31.3923, Val Loss: 27.4234, In domain: cttd.org, Out domain: cdcd.org, In domain validation: beachfrontreach.com, Out domain validation: beadhahtntnehch.com
Epoch: 209, Train Loss: 31.2973, Val Loss: 27.3771, In domain: ataaof.club, Out domain: ataaof.club, In domain validation: ghg.com, Out domain validation: ghg.com
Epoch: 210, Train Loss: 31.3405, Val Loss: 27.4042, In domain: fastdownload.com, Out domain: stftdodoadad.com, In domain validation: zanjbil.com, Out domain validation: nanibib.com
Epoch: 211, Train Loss: 31.2987, Val Loss: 27.4153, In domain: ngin.pro, Out domain: inig.pno, In domain validation: vedicvishva.org, Out domain validation: advcvitasa.org
Epoch: 212, Train Loss: 31.2024, Val Loss: 27.3808, In domain: tobix.ru, Out domain: bitox.ru, In domain validation: cerclebrugge.be, Out domain validation: cerbecbrgrub.be
Epoch: 213, Train Loss: 31.3265, Val Loss: 27.3803, In domain: islenen.com, Out domain: isienen.com, In domain validation: miu-sochi.ru, Out domain validation: miu-chchi.ru
Epoch: 214, Train Loss: 31.3371, Val Loss: 27.4490, In domain: gilasit.ir, Out domain: gilisat.ir, In domain validation: texmo.com, Out domain validation: teoex.com
Epoch: 215, Train Loss: 31.4224, Val Loss: 27.3871, In domain: pharmacycouncil.org, Out domain: phprmrmocouilil.org, In domain validation: elrincondethua.blogspot.com, Out domain validation: eleioiondndhuh.blogspot.com
Epoch: 216, Train Loss: 31.4335, Val Loss: 27.3687, In domain: olb.ru, Out domain: olb.ru, In domain validation: orangeproductions.es, Out domain validation: arondearocuctitne.es
Epoch: 217, Train Loss: 31.2677, Val Loss: 27.3899, In domain: modirinfo.com, Out domain: moririnfn.com, In domain validation: joyfish.ru, Out domain validation: joyfish.ru
Epoch: 218, Train Loss: 31.2787, Val Loss: 27.3710, In domain: goldandsilver.com.ua, Out domain: golodndsievlr.com.ua, In domain validation: vpluselab.com, Out domain validation: vqlulclel.com
Epoch: 219, Train Loss: 31.4352, Val Loss: 27.3520, In domain: capitalwasteland.com, Out domain: iciualwaeteland.com, In domain validation: viajala.com.mx, Out domain validation: viaaaac.com.mx
Epoch: 220, Train Loss: 31.3147, Val Loss: 27.3714, In domain: tweak.com, Out domain: twkae.com, In domain validation: xn--espaciodueos-jhb.com.ar, Out domain validation: xixse-eiocaaudoshshc.com.ar
Epoch: 221, Train Loss: 31.4088, Val Loss: 27.4199, In domain: teretana-sampion.rs, Out domain: rerenetsasaipimn.rs, In domain validation: superhostel.ru, Out domain validation: surereosoel.ru
Epoch: 222, Train Loss: 31.2043, Val Loss: 27.3047, In domain: chamngoncuocsong.com, Out domain: chcmonogouousgso.com, In domain validation: yogishareid.blogspot.com, Out domain validation: ogiahahgie.blogspot.com
Epoch: 223, Train Loss: 31.2170, Val Loss: 27.3323, In domain: kok.mn, Out domain: kol.on, In domain validation: honorthegift.co, Out domain validation: hhhmrthdgig..co
Epoch: 224, Train Loss: 31.4098, Val Loss: 27.3920, In domain: riosextube.com, Out domain: riesesbebu.com, In domain validation: buyatab.com, Out domain validation: bubtbtb.com
Epoch: 225, Train Loss: 31.1677, Val Loss: 27.3544, In domain: spastv.ru, Out domain: sstsar.rw, In domain validation: blocklist.net.ua, Out domain validation: blmlilist.net.ua
Epoch: 226, Train Loss: 31.1893, Val Loss: 27.3175, In domain: adtdp.com, Out domain: adpdt.com, In domain validation: patogupirkti.lt, Out domain validation: ptpupogitiri.lt
Epoch: 227, Train Loss: 31.2905, Val Loss: 27.3494, In domain: polymedia.ru, Out domain: pylyoigia.ru, In domain validation: ladlav.narod.ru, Out domain validation: dadval.rarod.ru
Epoch: 228, Train Loss: 31.2698, Val Loss: 27.3115, In domain: sexmadeathome.com, Out domain: seamxaetehohe.com, In domain validation: cumminsfiltration.com, Out domain validation: auiuifinilalatitn.com
Epoch: 229, Train Loss: 31.2458, Val Loss: 27.3267, In domain: egonomik.com, Out domain: egoglmom.com, In domain validation: laprensafrancesa.com.mx, Out domain validation: lapnensrfrfnceca.aom.mx
Epoch: 230, Train Loss: 31.2408, Val Loss: 27.2670, In domain: sklep-dango.pl, Out domain: sklep-nanap.pl, In domain validation: innovesta.co, Out domain validation: iniosesea.co
Epoch: 231, Train Loss: 31.2716, Val Loss: 27.3501, In domain: nypl.org, Out domain: plpy.org, In domain validation: littletwinkle.ca, Out domain validation: litiletwinine.a
Epoch: 232, Train Loss: 31.1330, Val Loss: 27.3375, In domain: newspublic.site, Out domain: newupuplic.site, In domain validation: v-soul.com, Out domain validation: v-llsm.com
Epoch: 233, Train Loss: 31.3899, Val Loss: 27.4084, In domain: pnb.ac.id, Out domain: pnc.cc.id, In domain validation: legalcentre.org, Out domain validation: lglaeaentre.org
Epoch: 234, Train Loss: 31.2204, Val Loss: 27.3642, In domain: insubuy.com, Out domain: snsubuy.com, In domain validation: arma3projectlife.com, Out domain validation: mrmrppaocectlede.com
Epoch: 235, Train Loss: 31.3145, Val Loss: 27.3644, In domain: saveforlater.com, Out domain: sevefmrmarer.com, In domain validation: circuitiperdue.it, Out domain validation: ccriripipereue.it
Epoch: 236, Train Loss: 31.2422, Val Loss: 27.3185, In domain: unbolted.com, Out domain: bnuoltld.com, In domain validation: nudereviews.com, Out domain validation: nudereeiews.com
Epoch: 237, Train Loss: 31.1827, Val Loss: 27.2866, In domain: gamingthrow.wordpress.com, Out domain: gimiogrgton.wordrtess.com, In domain validation: azad.az, Out domain validation: azaa.az
Epoch: 238, Train Loss: 31.2292, Val Loss: 27.3265, In domain: pakpoll.com, Out domain: pakpmpo.com, In domain validation: mirassolconectada.com.br, Out domain validation: miraololaecodatc.com.br
Epoch: 239, Train Loss: 31.1515, Val Loss: 27.3254, In domain: tinabasu.com, Out domain: tinasucu.com, In domain validation: inthehiddencity.com, Out domain validation: nihecibdddcicy.com
Epoch: 240, Train Loss: 31.1713, Val Loss: 27.3290, In domain: vaporl.com, Out domain: varlro.com, In domain validation: timeout.com.br, Out domain validation: timemet.com.br
Epoch: 241, Train Loss: 31.1601, Val Loss: 27.3169, In domain: designrevision.com, Out domain: desisnvirisisn.com, In domain validation: sclrdserviceonline.myshopify.com, Out domain validation: daersesvevilioile.eyshopify.com
Epoch: 242, Train Loss: 31.2072, Val Loss: 27.3807, In domain: shop-pineapple.co, Out domain: shoh-pinialplc.eo, In domain validation: skyrimsearch.com, Out domain validation: akykieiechch.com
Epoch: 243, Train Loss: 31.2442, Val Loss: 27.3045, In domain: twosixlabs.com, Out domain: twoxoslacs.com, In domain validation: expath.de, Out domain validation: expapd.de
Epoch: 244, Train Loss: 31.1903, Val Loss: 27.2706, In domain: showingdesk.com, Out domain: shoniwgsksk.com, In domain validation: mightysparkfood.com, Out domain validation: imytasraraddoo.com
Epoch: 245, Train Loss: 31.3277, Val Loss: 27.3509, In domain: jogjakarir.com, Out domain: joekakarir.com, In domain validation: frogpants.com, Out domain validation: fgogrants.ckm
Epoch: 246, Train Loss: 31.1904, Val Loss: 27.2917, In domain: straweb.org, Out domain: tseew.org, In domain validation: basharstore.com, Out domain validation: cashahatore.com
Epoch: 247, Train Loss: 31.2022, Val Loss: 27.2848, In domain: themedicalsupplystore.ca, Out domain: ththeaiaslsllypyotote.ea, In domain validation: sasuletrainz.cz, Out domain validation: saseletiaran.cz
Epoch: 248, Train Loss: 31.2156, Val Loss: 27.3405, In domain: ataogretmen.com, Out domain: atargrgtoeo.com, In domain validation: falandodeviagem.com.br, Out domain validation: fandnaovediaiac.com.br
Epoch: 249, Train Loss: 31.1291, Val Loss: 27.2555, In domain: mestysbudisov.cz, Out domain: mestyubuuisov.cz, In domain validation: delivernow.com.au, Out domain validation: delelereow.com.au
Epoch: 250, Train Loss: 31.1397, Val Loss: 27.3012, In domain: sherlaruz.com, Out domain: srerlaruz.com, In domain validation: williamcheng-son.com, Out domain validation: uiliiaiahehe-son.com
Epoch: 251, Train Loss: 31.2153, Val Loss: 27.2691, In domain: gosdmesa.com, Out domain: sdsomama.com, In domain validation: copecarballino.es, Out domain validation: ccpeacrbrililo.es
Epoch: 252, Train Loss: 31.1641, Val Loss: 27.3364, In domain: bmccompany.com.ua, Out domain: ccccaalaly.com.ua, In domain validation: tiendasantarosa.com, Out domain validation: tienddstatasosa.com
Epoch: 253, Train Loss: 31.2743, Val Loss: 27.2840, In domain: seks-s-pyanimi.info, Out domain: kess-s-pnanimi.info, In domain validation: fmshopvn.com, Out domain validation: fmsmvnon.com
Epoch: 254, Train Loss: 31.2046, Val Loss: 27.2712, In domain: supermice.net, Out domain: supercice.net, In domain validation: philips.de, Out domain validation: phipils.de
Epoch: 255, Train Loss: 31.2885, Val Loss: 27.2954, In domain: aquarella.co, Out domain: uquarerea.ao, In domain validation: fixthecfaa.com, Out domain validation: fiheheadad.com
Epoch: 256, Train Loss: 31.2084, Val Loss: 27.2289, In domain: curatorspace.com, Out domain: ruratotsrare.com, In domain validation: arb.com.au, Out domain validation: arc.com.au
Epoch: 257, Train Loss: 31.2232, Val Loss: 27.3385, In domain: vjspain.com, Out domain: tjsiain.com, In domain validation: hdvideostatus.in, Out domain validation: vdvidedetatui.in
Epoch: 258, Train Loss: 31.2196, Val Loss: 27.3103, In domain: tusexosentido.com, Out domain: twsexenestito.com, In domain validation: mejores-neumaticos.es, Out domain validation: mmjejenenmueucicie.es
Epoch: 259, Train Loss: 31.2107, Val Loss: 27.2378, In domain: rdw.nl, Out domain: rdw.wl, In domain validation: savey.xyz, Out domain validation: savey.x0z
Epoch: 260, Train Loss: 31.1911, Val Loss: 27.2993, In domain: tourismecentreduquebec.com, Out domain: doirismementredusucbeb.com, In domain validation: e-vat.ir, Out domain validation: e-eat.ir
Epoch: 261, Train Loss: 31.2204, Val Loss: 27.2839, In domain: spritzandpat.com, Out domain: apaiazazdpdt.com, In domain validation: edinburghmarathon.com, Out domain validation: ediniuruhmamathhn.com
Epoch: 262, Train Loss: 31.2269, Val Loss: 27.2744, In domain: tuba.gov.tr, Out domain: ttta.got.tr, In domain validation: rentandownlistings.com, Out domain validation: eatanwowolisiings.com
Epoch: 263, Train Loss: 31.1869, Val Loss: 27.2919, In domain: manhattanexpressnews.nyc, Out domain: hhaaattnenerersnews.c0n, In domain validation: firmware27.com, Out domain validation: firawarer7.com
Epoch: 264, Train Loss: 31.2492, Val Loss: 27.3030, In domain: nordwest.net, Out domain: rdrowvsv.net, In domain validation: xlab-usa.com, Out domain validation: lxlsusa.com
Epoch: 265, Train Loss: 31.2498, Val Loss: 27.2656, In domain: beriaru.github.io, Out domain: cererru.gihiui.io, In domain validation: nudist-images.net, Out domain validation: nididt-imagas.net
Epoch: 266, Train Loss: 31.1812, Val Loss: 27.2856, In domain: sakura2.club, Out domain: kuau2a2.clul, In domain validation: tiennava.com, Out domain validation: tieinana.com
Epoch: 267, Train Loss: 31.1019, Val Loss: 27.2625, In domain: mp3-vevo.ru, Out domain: mp3-vevo.ru, In domain validation: k-server.biz, Out domain validation: sekeerer.biz
Epoch: 268, Train Loss: 31.1729, Val Loss: 27.2840, In domain: mrsmyerskindergarten.blogspot.com, Out domain: mks0ytkekinfetrtrten.blogspot.com, In domain validation: vikingsvillage.io, Out domain validation: vililgigialagg.io
Epoch: 269, Train Loss: 31.2282, Val Loss: 27.2548, In domain: online-lowrance.ru, Out domain: onnene-lowranae.ru, In domain validation: headbanger.ru, Out domain validation: heaaananr.ru
Epoch: 270, Train Loss: 31.2902, Val Loss: 27.2714, In domain: rsyd.se, Out domain: ysyd.se, In domain validation: csgohunt.com, Out domain validation: cscohunu.com
Epoch: 271, Train Loss: 31.2902, Val Loss: 27.2482, In domain: jizzthumbs.com, Out domain: kitzthumbs.com, In domain validation: taboovideos.tv, Out domain validation: taboboioeds.sv
Epoch: 272, Train Loss: 31.2366, Val Loss: 27.2660, In domain: ibiblio.org, Out domain: idiioim.org, In domain validation: homingin.com, Out domain validation: hihiigig.com
Epoch: 273, Train Loss: 31.1682, Val Loss: 27.2554, In domain: newrelic.com, Out domain: wrneecic.com, In domain validation: roadscholar.org, Out domain validation: rorchcsalmr.org
Epoch: 274, Train Loss: 31.1942, Val Loss: 27.2556, In domain: mcgowanprograms.com, Out domain: mamonowogogmams.com, In domain validation: filmgan.pw, Out domain validation: figalmn.pw
Epoch: 275, Train Loss: 31.1986, Val Loss: 27.2570, In domain: zoosextube.life, Out domain: ozseseebeblede, In domain validation: itero.lv, Out domain validation: eterl.vl
Epoch: 276, Train Loss: 31.2413, Val Loss: 27.2754, In domain: tak-electrical.com, Out domain: takle-ectrilil.com, In domain validation: tuyendungsinhvien.com, Out domain validation: tunennununinivien.com
Epoch: 277, Train Loss: 31.1785, Val Loss: 27.2361, In domain: blocsapp.com, Out domain: blccsasp.com, In domain validation: esciclismo.com, Out domain validation: esciciioos.com
Epoch: 278, Train Loss: 31.1738, Val Loss: 27.2382, In domain: kabanchik.by, Out domain: canc.ii.by, In domain validation: belregion.ru, Out domain validation: beleeoion.ru
Epoch: 279, Train Loss: 31.3640, Val Loss: 27.3041, In domain: baituljannah.com, Out domain: ititjluaanan.com, In domain validation: klubok.com, Out domain validation: klobub.com
Epoch: 280, Train Loss: 31.2179, Val Loss: 27.2794, In domain: army-surplus.co.uk, Out domain: army-yululus.cu.uk, In domain validation: awakenyclothing.com, Out domain validation: awanynectctning.com
Epoch: 281, Train Loss: 31.2247, Val Loss: 27.2191, In domain: ele.ro, Out domain: ele.ro, In domain validation: tabletennisshop.com.au, Out domain validation: tacleleigihohop.com.au
Epoch: 282, Train Loss: 31.2296, Val Loss: 27.2928, In domain: autotribune.co.kr, Out domain: aototrurine.co.kr, In domain validation: dengotech.com, Out domain validation: deneocech.com
Epoch: 283, Train Loss: 31.1900, Val Loss: 27.2698, In domain: cdhv.it, Out domain: dhdcw.it, In domain validation: kaisteventures.com, Out domain validation: kaieteneneurer.com
Epoch: 284, Train Loss: 31.2091, Val Loss: 27.2872, In domain: kumbag.club, Out domain: kukgag.clul, In domain validation: sehidim.wordpress.com, Out domain validation: sgdehim.wopdpress.com
Epoch: 285, Train Loss: 31.2229, Val Loss: 27.2534, In domain: 489.jp, Out domain: j489.jp, In domain validation: bedavaindir.xyz, Out domain validation: bcdaiaindid.x0x
Epoch: 286, Train Loss: 31.1016, Val Loss: 27.2207, In domain: detikgadget.com, Out domain: tetiggadgdt.com, In domain validation: ubf.kr, Out domain validation: bf.fr
Epoch: 287, Train Loss: 31.2485, Val Loss: 27.2178, In domain: williamsouza.com, Out domain: wilimaiszuza.com, In domain validation: t2-tv.com.ua, Out domain validation: -2-tv.vom.ua
Epoch: 288, Train Loss: 31.2442, Val Loss: 27.2671, In domain: gomountainlions.com, Out domain: ogonoualanisio.com, In domain validation: learntechlib.org, Out domain validation: leleecntibib.org
Epoch: 289, Train Loss: 31.1083, Val Loss: 27.2453, In domain: kurashiconcier.com, Out domain: ukusrshicoccrer.com, In domain validation: colorgradingmaster.com, Out domain validation: aorgrgdadioamaerer.com
Epoch: 290, Train Loss: 31.0728, Val Loss: 27.2708, In domain: babickinavolba.sk, Out domain: cbcicnanavolbs.sk, In domain validation: fashiondays.com, Out domain validation: ffshihidads.com
Epoch: 291, Train Loss: 31.1929, Val Loss: 27.2392, In domain: xeill.net, Out domain: wxelel.net, In domain validation: stabroeknews.com, Out domain validation: tstrkeknews.com
Epoch: 292, Train Loss: 31.2545, Val Loss: 27.2686, In domain: familylivingtoday.com, Out domain: fimlmivyvgngtadoy.com, In domain validation: movieclipsdotcom.tumblr.com, Out domain validation: mwvililididctcom.mulblr.com
Epoch: 293, Train Loss: 31.1380, Val Loss: 27.2193, In domain: homelane.com, Out domain: hohelale.com, In domain validation: cannabexchange.com, Out domain validation: acncchehanae.com
Epoch: 294, Train Loss: 31.1418, Val Loss: 27.2213, In domain: motoiq.com, Out domain: poisos.com, In domain validation: wk3.ru, Out domain validation: wkr.ru
Epoch: 295, Train Loss: 31.2082, Val Loss: 27.2088, In domain: onefilm.tv, Out domain: onclilm.mv, In domain validation: redditgifts.com, Out domain validation: rdreieiisfs.com
Epoch: 296, Train Loss: 31.0064, Val Loss: 27.1964, In domain: ikea-club.com.ua, Out domain: eaea-ulcc.com.ua, In domain validation: hba.gr, Out domain validation: hba.gr
Epoch: 297, Train Loss: 31.1274, Val Loss: 27.2252, In domain: kenttour.com, Out domain: ntnesost.com, In domain validation: ccas.ru, Out domain validation: aam.ru
Epoch: 298, Train Loss: 31.1665, Val Loss: 27.2473, In domain: interiordefine.com, Out domain: intirioroedine.com, In domain validation: raywhite.com, Out domain validation: raratehe.com
Epoch: 299, Train Loss: 31.3181, Val Loss: 27.2488, In domain: cenapet.wordpress.com, Out domain: aenenew.wordrress.com, In domain validation: ushopi.com, Out domain validation: uspiki.com
Epoch: 300, Train Loss: 31.1341, Val Loss: 27.1970, In domain: banya-expert.com, Out domain: nynya-expepe.com, In domain validation: isobar.com.tw, Out domain validation: iaoc.com.tu
Epoch: 301, Train Loss: 31.0932, Val Loss: 27.2425, In domain: nashtobolsk.ru, Out domain: nathtobolsk.ru, In domain validation: gamezana.com.ua, Out domain validation: gamanenc.com.ua
Epoch: 302, Train Loss: 31.1212, Val Loss: 27.2490, In domain: youtoocanrun.com, Out domain: yoyocacourur.com, In domain validation: glos.pl, Out domain validation: lgs.pl
Epoch: 303, Train Loss: 31.1363, Val Loss: 27.1937, In domain: scriptdesigner.ru, Out domain: sirirtsesneier.ru, In domain validation: e2a.ch, Out domain validation: e2a.ch
Epoch: 304, Train Loss: 31.1824, Val Loss: 27.2236, In domain: fesevur.com, Out domain: dgserer.com, In domain validation: symbianfree.ru, Out domain validation: syibmcndgfe.ru
Epoch: 305, Train Loss: 31.2066, Val Loss: 27.2752, In domain: centraldeclientes.com, Out domain: cenerdldeieclntes.com, In domain validation: ezplast.ru, Out domain validation: ezalasr.ru
Epoch: 306, Train Loss: 31.1431, Val Loss: 27.2521, In domain: innovationpolicyplatform.org, Out domain: nioavanpnolicirlalrmfm.org, In domain validation: preventica.com, Out domain validation: rarenentati.com
Epoch: 307, Train Loss: 31.1603, Val Loss: 27.2633, In domain: dillonandlee.co.uk, Out domain: diololaldlee.co.uk, In domain validation: hiiht.com, Out domain validation: hhiht.com
Epoch: 308, Train Loss: 31.0937, Val Loss: 27.2557, In domain: mayxitrua.vn, Out domain: mamaitrua.vn, In domain validation: gamaflyff.com, Out domain validation: gafaflfly.com
Epoch: 309, Train Loss: 31.1427, Val Loss: 27.2193, In domain: modularrifle.com, Out domain: dudularadgig.com, In domain validation: altinlira.com, Out domain validation: ainitlira.com
Epoch: 310, Train Loss: 31.1328, Val Loss: 27.2114, In domain: playinitium.com, Out domain: plpyiniimum.com, In domain validation: avatrade.sa.com, Out domain validation: avaaradeas.ocom
Epoch: 311, Train Loss: 31.1691, Val Loss: 27.2491, In domain: dramafever123.blogspot.com, Out domain: trafgfyrer424.blogspot.com, In domain validation: wild-in.com, Out domain validation: liwdnin.com
Epoch: 312, Train Loss: 31.1146, Val Loss: 27.2005, In domain: eyelinetrading.com, Out domain: eyelinrarangni.com, In domain validation: cutebaits.xyz, Out domain validation: ccbetaits.x0z
Epoch: 313, Train Loss: 31.0532, Val Loss: 27.2018, In domain: ryansechrest.com, Out domain: ryrnsechsetr.com, In domain validation: lianasro.sk, Out domain validation: iananao.sk
Epoch: 314, Train Loss: 31.1620, Val Loss: 27.2449, In domain: bulmacasozlugu.com, Out domain: ulmlmazozlugu.com, In domain validation: bsz-stiftung.ch, Out domain validation: bsztitifnfne.ch
Epoch: 315, Train Loss: 31.2326, Val Loss: 27.2346, In domain: little-king-john.tumblr.com, Out domain: tile-t-ngnimh-ht.tumblr.com, In domain validation: eskyfun.com, Out domain validation: eseufuf.com
Epoch: 316, Train Loss: 31.0817, Val Loss: 27.2186, In domain: thompsontoyota.net, Out domain: thompstntoyata.net, In domain validation: xera.jp, Out domain validation: era.jp
Epoch: 317, Train Loss: 31.1240, Val Loss: 27.3032, In domain: barabashovo.ua, Out domain: bcraraqhovo.ua, In domain validation: toutesmeslentilles.fr, Out domain validation: toeouemesleleieief.fr
Epoch: 318, Train Loss: 31.1556, Val Loss: 27.2385, In domain: torrentdownloads.me, Out domain: totntrewodoaodds.me, In domain validation: innovativearchitects.com, Out domain validation: nintitivevectcheces.com
Epoch: 319, Train Loss: 31.1105, Val Loss: 27.1819, In domain: bevco.dk, Out domain: vevco.dk, In domain validation: valenciabonita.es, Out domain validation: veleaiaiinita.es
Epoch: 320, Train Loss: 31.1494, Val Loss: 27.2215, In domain: paramedicshop.co.za, Out domain: pardmemscshop.co.za, In domain validation: tradingblock.com, Out domain validation: tdtdenebcoco.com
Epoch: 321, Train Loss: 31.2203, Val Loss: 27.2040, In domain: envisionecommerce.com, Out domain: ensivieoocococrcr.com, In domain validation: redtube0.com, Out domain validation: rtreebe0.com
Epoch: 322, Train Loss: 31.1858, Val Loss: 27.3181, In domain: khotangvanmau.com, Out domain: khatonavaauam.com, In domain validation: cravenfund.info, Out domain validation: braneveund.info
Epoch: 323, Train Loss: 31.1446, Val Loss: 27.2811, In domain: 4mykidz.com, Out domain: 4m4didz.com, In domain validation: nu.or.id, Out domain validation: nu.or.id
Epoch: 324, Train Loss: 31.1414, Val Loss: 27.2208, In domain: swoop.eu, Out domain: qwowe.ru, In domain validation: athleticlockeroutlet.com, Out domain validation: lhtetitckcaereuetel.com
Epoch: 325, Train Loss: 31.2006, Val Loss: 27.1986, In domain: happyhomesvungtau.com, Out domain: hayayhohesvsnatgu.com, In domain validation: hollandscollege1617.be, Out domain validation: hoanandsdobglge1e15.be
Epoch: 326, Train Loss: 31.1681, Val Loss: 27.2888, In domain: farmingsimulator19.ru, Out domain: fmimrsinimamuto1oy.ru, In domain validation: noticiastucuman.com.ar, Out domain validation: noticiasaumumun.com.ar
Epoch: 327, Train Loss: 31.0862, Val Loss: 27.2364, In domain: screenspy.com, Out domain: scrcenspy.com, In domain validation: liberavisione.com, Out domain validation: lreaasasiele.com
Epoch: 328, Train Loss: 31.2056, Val Loss: 27.2727, In domain: schlagernacht.de, Out domain: hchlagarnanat.de, In domain validation: wonderfulpackage.com, Out domain validation: wdwderdrlalpiaie.com
Epoch: 329, Train Loss: 31.0209, Val Loss: 27.1809, In domain: k8sport.com, Out domain: k8srtro.com, In domain validation: aclens.com, Out domain validation: alels.com
Epoch: 330, Train Loss: 31.0529, Val Loss: 27.1760, In domain: geminidecks.com, Out domain: ggminidkces.com, In domain validation: narimpex.ch, Out domain validation: rarpepmc.ch
Epoch: 331, Train Loss: 31.2087, Val Loss: 27.2868, In domain: ridiculouslyextraordinary.com, Out domain: rididklauslsertrtordirany.com, In domain validation: cuttackclub.org, Out domain validation: btctkkalbub.org
Epoch: 332, Train Loss: 31.1579, Val Loss: 27.2395, In domain: divemanta.co.il, Out domain: viveoaotc.cl.in, In domain validation: geloou.com, Out domain validation: dellou.com
Epoch: 333, Train Loss: 31.1444, Val Loss: 27.2482, In domain: lamudi.com.bd, Out domain: ladudc.com.bd, In domain validation: 99corp.com.br, Out domain validation: 99ococp.com.br
Epoch: 334, Train Loss: 31.2122, Val Loss: 27.2672, In domain: kitfoxaircraft.com, Out domain: ioxtxririfart.com, In domain validation: pracadlaukrainy.pl, Out domain validation: raaadlaukiaiay.pl
Epoch: 335, Train Loss: 31.1288, Val Loss: 27.2471, In domain: maximilians.ru, Out domain: maximiaians.ru, In domain validation: myihor.ru, Out domain validation: mhihor.ru
Epoch: 336, Train Loss: 31.0981, Val Loss: 27.1807, In domain: killeenisd.org, Out domain: ielelnisd.org, In domain validation: christof.com, Out domain validation: chrhofot.lom
Epoch: 337, Train Loss: 31.1523, Val Loss: 27.2795, In domain: fusetools.com, Out domain: fesetmoos.com, In domain validation: camet.org.cn, Out domain validation: ecet.ore.bn
Epoch: 338, Train Loss: 31.1419, Val Loss: 27.1937, In domain: fdamiaonoticias.blogspot.com, Out domain: mmdininotitias.blogspot.com, In domain validation: antiekstijlwebwinkel.nl, Out domain validation: anaieistihibebwieiec.ol
Epoch: 339, Train Loss: 31.1780, Val Loss: 27.2257, In domain: salapopstudio.com, Out domain: solalorotudio.com, In domain validation: gosuslu.ga, Out domain validation: goklslg.ga
Epoch: 340, Train Loss: 31.0947, Val Loss: 27.2387, In domain: tvpassport.com, Out domain: vvrasartro.com, In domain validation: quotesoftheday.site, Out domain validation: ouoqeqedeheday.sete
Epoch: 341, Train Loss: 31.1478, Val Loss: 27.2640, In domain: audiocaocap.com, Out domain: dudioioopoa.com, In domain validation: shooshtime.com, Out domain validation: shsoshmete.com
Epoch: 342, Train Loss: 31.2223, Val Loss: 27.2210, In domain: torrentik.net, Out domain: toeoenint.net, In domain validation: tecdoc.net, Out domain validation: teicoc.net
Epoch: 343, Train Loss: 31.1566, Val Loss: 27.2690, In domain: okuloncem.com, Out domain: okokuncec.com, In domain validation: glamose.com, Out domain validation: lgsese.com
Epoch: 344, Train Loss: 31.0373, Val Loss: 27.1826, In domain: zitian.cn, Out domain: zitiac.cn, In domain validation: horseracinginsider.blogspot.com, Out domain validation: hghaeaaniagsnsirer.blogspot.com
Epoch: 345, Train Loss: 31.0267, Val Loss: 27.1987, In domain: caps-a-holic.com, Out domain: pars-a-hilic.com, In domain validation: newsmaker.com.au, Out domain validation: nenskaker.com.au
Epoch: 346, Train Loss: 31.1402, Val Loss: 27.2349, In domain: manufacturingprocessesengg.blogspot.com, Out domain: pkoadsteietgearosossesengi.blogspot.com, In domain validation: examrobot.com, Out domain validation: exrxaobot.com
Epoch: 347, Train Loss: 31.0739, Val Loss: 27.1969, In domain: mariusmioc.wordpress.com, Out domain: mirimsuioc.wopdrress.com, In domain validation: bitcoin.org, Out domain validation: bibicco.org
Epoch: 348, Train Loss: 31.1372, Val Loss: 27.2360, In domain: pillowbread.com, Out domain: pipwoloread.com, In domain validation: face1music.com, Out domain validation: fa1ecmicic.com
Epoch: 349, Train Loss: 31.0927, Val Loss: 27.1971, In domain: portdebejaia.dz, Out domain: portbebejaka.dz, In domain validation: kursus-membuat-web.com, Out domain validation: kursusememauwuebew.com
Epoch: 350, Train Loss: 31.2021, Val Loss: 27.2247, In domain: leocargopackers.com, Out domain: emrgrgocopkeks.com, In domain validation: qdramas.info, Out domain validation: qapamam.info
Epoch: 351, Train Loss: 31.1074, Val Loss: 27.2213, In domain: videohandmade.ru, Out domain: viveahanameme.ru, In domain validation: famousstarbirthdays.com, Out domain validation: fafososbctatrihdays.com
Epoch: 352, Train Loss: 31.0255, Val Loss: 27.2118, In domain: semperfiwebdesign.com, Out domain: spererwifdbcesign.com, In domain validation: myloveteam.com, Out domain validation: myveveaeam.com
Epoch: 353, Train Loss: 31.1146, Val Loss: 27.2490, In domain: sevmarket.info, Out domain: sevmarket.info, In domain validation: dolorans.org, Out domain validation: dolonans.org
Epoch: 354, Train Loss: 31.0692, Val Loss: 27.2639, In domain: jsfresults.com, Out domain: jsgfsrtlus.com, In domain validation: ababahalamaha.com.ua, Out domain validation: bacaaalahahc.com.ua
Epoch: 355, Train Loss: 31.2060, Val Loss: 27.2481, In domain: kocsi.hu, Out domain: cocsh.iu, In domain validation: alphalete.eu, Out domain validation: ahphalaee.eu
Epoch: 356, Train Loss: 30.9962, Val Loss: 27.2193, In domain: crimedrive.com, Out domain: brimkmvire.com, In domain validation: ultrahdsinema.com, Out domain validation: ulalahdsioema.com
Epoch: 357, Train Loss: 31.1346, Val Loss: 27.2247, In domain: fitnessbloggen.no, Out domain: fieneblbsogogn.no, In domain validation: peugeot.com.tr, Out domain validation: peugugt.com.tr
Epoch: 358, Train Loss: 31.0327, Val Loss: 27.1652, In domain: unifi.my, Out domain: unufi.my, In domain validation: theperrynews.com, Out domain validation: thehereynews.com
Epoch: 359, Train Loss: 31.0373, Val Loss: 27.1851, In domain: dataprocessingclub.org, Out domain: datptposeangniulub.org, In domain validation: fastlinkgrowing.com, Out domain validation: faftliligigning.com
Epoch: 360, Train Loss: 31.1808, Val Loss: 27.1893, In domain: xn--b1amaundo.xn--p1ai, Out domain: xn01c-1umuodo.x---p1ai, In domain validation: iress.com, Out domain validation: iress.com
Epoch: 361, Train Loss: 31.0791, Val Loss: 27.2129, In domain: uncp.edu, Out domain: cnun.edu, In domain validation: onlinesolvedassignment.blogspot.com, Out domain validation: eogsgnoeolaadsiglmtne.blogspot.com
Epoch: 362, Train Loss: 31.1731, Val Loss: 27.2258, In domain: kopernik.org.pl, Out domain: pokeigio.krg.gl, In domain validation: investpoin.com, Out domain validation: inweseioio.com
Epoch: 363, Train Loss: 31.0575, Val Loss: 27.2174, In domain: novy.tv, Out domain: vny.yt, In domain validation: magaville.com, Out domain validation: magagiele.com
Epoch: 364, Train Loss: 31.1439, Val Loss: 27.1935, In domain: papamozi.hu, Out domain: apazami.iu, In domain validation: homosexuels-musulmans.org, Out domain validation: hkslowzwe-s-lulsloana.org
Epoch: 365, Train Loss: 31.1202, Val Loss: 27.2222, In domain: chaprice.co.kr, Out domain: bhapaiee.co.kr, In domain validation: big-bite.com, Out domain validation: bie-tebe.com
Epoch: 366, Train Loss: 31.1469, Val Loss: 27.1469, In domain: scholar-minds.com, Out domain: solol-ramisds.com, In domain validation: sskbilgi.net, Out domain validation: kbkbglgi.net
Epoch: 367, Train Loss: 31.1088, Val Loss: 27.1958, In domain: gospelgeral.com.br, Out domain: ogoslerraran.com.br, In domain validation: supermicro.market, Out domain validation: sepercicioao.rket
Epoch: 368, Train Loss: 31.0477, Val Loss: 27.1891, In domain: nowmail.co.nz, Out domain: nmamwil.cn.nz, In domain validation: trinizuelatt.com, Out domain validation: tninizuzlala.com
Epoch: 369, Train Loss: 31.1421, Val Loss: 27.1674, In domain: budsies.com, Out domain: dudeies.com, In domain validation: codificator.ru, Out domain validation: aoddditator.ru
Epoch: 370, Train Loss: 31.0367, Val Loss: 27.2340, In domain: 007lotto.net, Out domain: 0l0looto.net, In domain validation: gravityspa.com, Out domain validation: gratityapa.com
Epoch: 371, Train Loss: 31.1346, Val Loss: 27.2369, In domain: goodschoolhunting.org, Out domain: gdsdschcoununting.org, In domain validation: youngwomenshealth.ga, Out domain validation: youogmgwehehealag.ga
Epoch: 372, Train Loss: 30.9974, Val Loss: 27.1630, In domain: lebensfeldstabilisator.de, Out domain: lenenglsldatsbibisatod.de, In domain validation: piau.ac.ir, Out domain validation: piau.ac.ir
Epoch: 373, Train Loss: 31.1254, Val Loss: 27.1784, In domain: kimbapnoona.tumblr.com, Out domain: ioooponona.tulblr.com, In domain validation: radio.gov.pk, Out domain validation: dario.gov.pk
Epoch: 374, Train Loss: 31.0961, Val Loss: 27.1771, In domain: dsalud.com, Out domain: dsalud.com, In domain validation: cancha.com, Out domain validation: chaha.com
Epoch: 375, Train Loss: 31.1098, Val Loss: 27.1991, In domain: proxmox1.ddns.net, Out domain: pxoxoox1.nsnd.net, In domain validation: carolsinthedomain.com, Out domain validation: aolalntnihedoiaia.com
Epoch: 376, Train Loss: 31.0509, Val Loss: 27.2228, In domain: tikbay.com, Out domain: tikyky.com, In domain validation: bormujos.es, Out domain validation: rorjojue.es
Epoch: 377, Train Loss: 31.1666, Val Loss: 27.2307, In domain: erogs.com, Out domain: erogs.com, In domain validation: elmwatin.com, Out domain validation: ewelanin.com
Epoch: 378, Train Loss: 31.1256, Val Loss: 27.2115, In domain: dspkomplekt.ru, Out domain: dsrkrkpkekt.ru, In domain validation: seyman.com.tr, Out domain validation: seyean.com.tr
Epoch: 379, Train Loss: 31.0791, Val Loss: 27.1584, In domain: mazzocco.ch, Out domain: mamzczoo.ch, In domain validation: jks.dk, Out domain validation: ks.dk
Epoch: 380, Train Loss: 31.0377, Val Loss: 27.2108, In domain: nwoca.org, Out domain: nwawa.org, In domain validation: edreams.it, Out domain validation: dreaes.it
Epoch: 381, Train Loss: 31.1763, Val Loss: 27.2106, In domain: zbilk.szczecin.pl, Out domain: zcilizs.czice1.pl, In domain validation: flashgear.net, Out domain validation: flashaear.net
Epoch: 382, Train Loss: 31.0919, Val Loss: 27.2453, In domain: magistratura.az, Out domain: magtsisarata.az, In domain validation: thunderbirdnest.com, Out domain validation: hhunrndbdbdnent.com
Epoch: 383, Train Loss: 31.1284, Val Loss: 27.1592, In domain: ashiharakarate.ro, Out domain: ashsharakarare.ro, In domain validation: met.gov.kw, Out domain validation: meg.gok.kw
Epoch: 384, Train Loss: 31.0718, Val Loss: 27.2051, In domain: yenilikmodasi.com, Out domain: yilenkokodisa.com, In domain validation: pic-chik.com, Out domain validation: cic-chch.com
Epoch: 385, Train Loss: 31.2080, Val Loss: 27.2130, In domain: russkije.lv, Out domain: rsrsjskl.lv, In domain validation: chlin.com.tw, Out domain validation: chkic.com.tw
Epoch: 386, Train Loss: 31.0302, Val Loss: 27.1856, In domain: tapology.com, Out domain: papogmly.com, In domain validation: troppoforte.net, Out domain validation: opomfmforte.net
Epoch: 387, Train Loss: 31.0687, Val Loss: 27.2049, In domain: creativevirtual.com, Out domain: creiviveriralau.com, In domain validation: fotoshare.co, Out domain validation: tftoahare.co
Epoch: 388, Train Loss: 31.0627, Val Loss: 27.2176, In domain: meovia.com, Out domain: meovoa.com, In domain validation: yousefabaddental.ir, Out domain validation: uoysasaaddtaeal.ir
Epoch: 389, Train Loss: 30.9907, Val Loss: 27.2484, In domain: portalcanaa.com.br, Out domain: porlrlnanac.com.br, In domain validation: phuocthanhhonda.com, Out domain validation: phpoaohanandada.com
Epoch: 390, Train Loss: 31.1374, Val Loss: 27.1950, In domain: medire.com.br, Out domain: mirire.com.br, In domain validation: ownyourimpact.com.au, Out domain validation: ownyoirimcmct.com.au
Epoch: 391, Train Loss: 31.0077, Val Loss: 27.2003, In domain: mylusciouslife.com, Out domain: myluscisuolile.com, In domain validation: talk-american.com, Out domain validation: talk-americin.com
Epoch: 392, Train Loss: 31.0058, Val Loss: 27.1652, In domain: det.nsw.edu.au, Out domain: det.n.w.wda.au, In domain validation: deadheadland.com, Out domain validation: defeheaelald.com
Epoch: 393, Train Loss: 31.0133, Val Loss: 27.1712, In domain: vwingoal.com, Out domain: iwinglam.com, In domain validation: startmail.com, Out domain validation: srartiaia.com
Epoch: 394, Train Loss: 31.0385, Val Loss: 27.1473, In domain: capcu.org, Out domain: aauau.org, In domain validation: artviewer.org, Out domain validation: aririewer.org
Epoch: 395, Train Loss: 31.0249, Val Loss: 27.1985, In domain: laserforceuk.co.uk, Out domain: ladesecpoeuk.co.uk, In domain validation: themechi.com, Out domain validation: thehechi.com
Epoch: 396, Train Loss: 31.1550, Val Loss: 27.2184, In domain: stavebnice-hry.cz, Out domain: svaveinice-hrc.cz, In domain validation: mybtbackoffice.com, Out domain validation: mybaaacicicice.com
Epoch: 397, Train Loss: 31.0764, Val Loss: 27.2470, In domain: qinbei.gov.cn, Out domain: qbnini.goc.vn, In domain validation: descargarmonumentvalleygratis.com, Out domain validation: aurhehelololecevavaereritas.com
Epoch: 398, Train Loss: 31.1984, Val Loss: 27.2064, In domain: pishrosahand.com, Out domain: sihisosondnd.com, In domain validation: quirky-trends.com, Out domain validation: uipitrt-dnds.com
Epoch: 399, Train Loss: 31.0745, Val Loss: 27.1920, In domain: russian-models.net, Out domain: ruiaian-oolsle.net, In domain validation: adeccona.com, Out domain validation: acacnano.com
